2012-01-30 17:30:04,153 [14] Orchard.ContentManagement.Drivers.Coordinators.ContentFieldDriverCoordinator - RuntimeBinderException thrown from IContentFieldDriver by FormGenerator.Drivers.GenericFieldDriver
Microsoft.CSharp.RuntimeBinder.RuntimeBinderException: Cannot implicitly convert type 'FormGenerator.Models.VisualAppearance.ViewContext' to 'System.Collections.Generic.IEnumerable<FormGenerator.Models.VisualAppearance.ViewContext>'. An explicit conversion exists (are you missing a cast?)
   at CallSite.Target(Closure , CallSite , Object )
   at System.Dynamic.UpdateDelegates.UpdateAndExecute1[T0,TRet](CallSite site, T0 arg0)
   at FormGenerator.Drivers.GenericFieldDriver.Display(ContentPart part, GenericField field, String displayType, Object shapeHelper)
   at System.Dynamic.UpdateDelegates.UpdateAndExecute5[T0,T1,T2,T3,T4,TRet](CallSite site, T0 arg0, T1 arg1, T2 arg2, T3 arg3, T4 arg4)
   at Orchard.ContentManagement.Drivers.ContentFieldDriver`1.<>c__DisplayClass7.<Orchard.ContentManagement.Drivers.IContentFieldDriver.BuildDisplayShape>b__6(ContentPart part, TField field) in c:\Users\sebros\Desktop\1.3.10\src\Orchard\ContentManagement\Drivers\ContentFieldDriver.cs:line 19
   at Orchard.ContentManagement.Drivers.ContentFieldDriver`1.<>c__DisplayClass2a.<Process>b__28(<>f__AnonymousType4`2 pf) in c:\Users\sebros\Desktop\1.3.10\src\Orchard\ContentManagement\Drivers\ContentFieldDriver.cs:line 56
   at System.Linq.Enumerable.WhereSelectEnumerableIterator`2.MoveNext()
   at System.Linq.Buffer`1..ctor(IEnumerable`1 source)
   at System.Linq.Enumerable.ToArray[TSource](IEnumerable`1 source)
   at Orchard.ContentManagement.Drivers.ContentFieldDriver`1.Process(ContentItem item, Func`3 effort) in c:\Users\sebros\Desktop\1.3.10\src\Orchard\ContentManagement\Drivers\ContentFieldDriver.cs:line 57
   at Orchard.ContentManagement.Drivers.ContentFieldDriver`1.Orchard.ContentManagement.Drivers.IContentFieldDriver.BuildDisplayShape(BuildDisplayContext context) in c:\Users\sebros\Desktop\1.3.10\src\Orchard\ContentManagement\Drivers\ContentFieldDriver.cs:line 19
   at Orchard.ContentManagement.Drivers.Coordinators.ContentFieldDriverCoordinator.<>c__DisplayClass9.<BuildDisplay>b__8(IContentFieldDriver driver) in c:\Users\sebros\Desktop\1.3.10\src\Orchard\ContentManagement\Drivers\Coordinators\ContentFieldDriverCoordinator.cs:line 48
   at Orchard.InvokeExtensions.Invoke[TEvents](IEnumerable`1 events, Action`1 dispatch, ILogger logger) in c:\Users\sebros\Desktop\1.3.10\src\Orchard\InvokeExtensions.cs:line 19
2012-01-30 17:30:45,593 [6] Orchard.ContentManagement.Drivers.Coordinators.ContentFieldDriverCoordinator - RuntimeBinderException thrown from IContentFieldDriver by FormGenerator.Drivers.GenericFieldDriver
Microsoft.CSharp.RuntimeBinder.RuntimeBinderException: Cannot implicitly convert type 'FormGenerator.Models.VisualAppearance.ViewContext' to 'System.Collections.Generic.IEnumerable<FormGenerator.Models.VisualAppearance.ViewContext>'. An explicit conversion exists (are you missing a cast?)
   at CallSite.Target(Closure , CallSite , Object )
   at FormGenerator.Drivers.GenericFieldDriver.Display(ContentPart part, GenericField field, String displayType, Object shapeHelper)
   at Orchard.ContentManagement.Drivers.ContentFieldDriver`1.<>c__DisplayClass7.<Orchard.ContentManagement.Drivers.IContentFieldDriver.BuildDisplayShape>b__6(ContentPart part, TField field) in c:\Users\sebros\Desktop\1.3.10\src\Orchard\ContentManagement\Drivers\ContentFieldDriver.cs:line 19
   at Orchard.ContentManagement.Drivers.ContentFieldDriver`1.<>c__DisplayClass2a.<Process>b__28(<>f__AnonymousType4`2 pf) in c:\Users\sebros\Desktop\1.3.10\src\Orchard\ContentManagement\Drivers\ContentFieldDriver.cs:line 56
   at System.Linq.Enumerable.WhereSelectEnumerableIterator`2.MoveNext()
   at System.Linq.Buffer`1..ctor(IEnumerable`1 source)
   at System.Linq.Enumerable.ToArray[TSource](IEnumerable`1 source)
   at Orchard.ContentManagement.Drivers.ContentFieldDriver`1.Process(ContentItem item, Func`3 effort) in c:\Users\sebros\Desktop\1.3.10\src\Orchard\ContentManagement\Drivers\ContentFieldDriver.cs:line 57
   at Orchard.ContentManagement.Drivers.ContentFieldDriver`1.Orchard.ContentManagement.Drivers.IContentFieldDriver.BuildDisplayShape(BuildDisplayContext context) in c:\Users\sebros\Desktop\1.3.10\src\Orchard\ContentManagement\Drivers\ContentFieldDriver.cs:line 19
   at Orchard.ContentManagement.Drivers.Coordinators.ContentFieldDriverCoordinator.<>c__DisplayClass9.<BuildDisplay>b__8(IContentFieldDriver driver) in c:\Users\sebros\Desktop\1.3.10\src\Orchard\ContentManagement\Drivers\Coordinators\ContentFieldDriverCoordinator.cs:line 48
   at Orchard.InvokeExtensions.Invoke[TEvents](IEnumerable`1 events, Action`1 dispatch, ILogger logger) in c:\Users\sebros\Desktop\1.3.10\src\Orchard\InvokeExtensions.cs:line 19
2012-01-30 17:30:51,261 [12] Orchard.ContentManagement.Drivers.Coordinators.ContentFieldDriverCoordinator - InvalidOperationException thrown from IContentFieldDriver by FormGenerator.Drivers.GenericFieldDriver
System.InvalidOperationException: Sequence contains no matching element
   at System.Linq.Enumerable.Single[TSource](IEnumerable`1 source, Func`2 predicate)
   at FormGenerator.Services.Implementation.DisplayService.Display(Class dClass, Object shapeHelper, String propertyName)
   at System.Dynamic.UpdateDelegates.UpdateAndExecute4[T0,T1,T2,T3,TRet](CallSite site, T0 arg0, T1 arg1, T2 arg2, T3 arg3)
   at CallSite.Target(Closure , CallSite , IDisplayService , Class , Object , String )
   at FormGenerator.Drivers.GenericFieldDriver.Editor(ContentPart part, GenericField field, Object shapeHelper)
   at Orchard.ContentManagement.Drivers.ContentFieldDriver`1.<>c__DisplayClassd.<Orchard.ContentManagement.Drivers.IContentFieldDriver.BuildEditorShape>b__c(ContentPart part, TField field) in c:\Users\sebros\Desktop\1.3.10\src\Orchard\ContentManagement\Drivers\ContentFieldDriver.cs:line 23
   at Orchard.ContentManagement.Drivers.ContentFieldDriver`1.<>c__DisplayClass2a.<Process>b__28(<>f__AnonymousType4`2 pf) in c:\Users\sebros\Desktop\1.3.10\src\Orchard\ContentManagement\Drivers\ContentFieldDriver.cs:line 56
   at System.Linq.Enumerable.WhereSelectEnumerableIterator`2.MoveNext()
   at System.Linq.Buffer`1..ctor(IEnumerable`1 source)
   at System.Linq.Enumerable.ToArray[TSource](IEnumerable`1 source)
   at Orchard.ContentManagement.Drivers.ContentFieldDriver`1.Process(ContentItem item, Func`3 effort) in c:\Users\sebros\Desktop\1.3.10\src\Orchard\ContentManagement\Drivers\ContentFieldDriver.cs:line 57
   at Orchard.ContentManagement.Drivers.ContentFieldDriver`1.Orchard.ContentManagement.Drivers.IContentFieldDriver.BuildEditorShape(BuildEditorContext context) in c:\Users\sebros\Desktop\1.3.10\src\Orchard\ContentManagement\Drivers\ContentFieldDriver.cs:line 23
   at Orchard.ContentManagement.Drivers.Coordinators.ContentFieldDriverCoordinator.<>c__DisplayClassc.<BuildEditor>b__b(IContentFieldDriver driver) in c:\Users\sebros\Desktop\1.3.10\src\Orchard\ContentManagement\Drivers\Coordinators\ContentFieldDriverCoordinator.cs:line 56
   at Orchard.InvokeExtensions.Invoke[TEvents](IEnumerable`1 events, Action`1 dispatch, ILogger logger) in c:\Users\sebros\Desktop\1.3.10\src\Orchard\InvokeExtensions.cs:line 19
2012-01-30 17:32:49,258 [14] Orchard.ContentManagement.Drivers.Coordinators.ContentFieldDriverCoordinator - InvalidOperationException thrown from IContentFieldDriver by FormGenerator.Drivers.GenericFieldDriver
System.InvalidOperationException: Sequence contains no matching element
   at System.Linq.Enumerable.Single[TSource](IEnumerable`1 source, Func`2 predicate)
   at FormGenerator.Services.Implementation.DisplayService.Display(Class dClass, Object shapeHelper, String propertyName)
   at FormGenerator.Drivers.GenericFieldDriver.Editor(ContentPart part, GenericField field, Object shapeHelper)
   at Orchard.ContentManagement.Drivers.ContentFieldDriver`1.<>c__DisplayClassd.<Orchard.ContentManagement.Drivers.IContentFieldDriver.BuildEditorShape>b__c(ContentPart part, TField field) in c:\Users\sebros\Desktop\1.3.10\src\Orchard\ContentManagement\Drivers\ContentFieldDriver.cs:line 23
   at Orchard.ContentManagement.Drivers.ContentFieldDriver`1.<>c__DisplayClass2a.<Process>b__28(<>f__AnonymousType4`2 pf) in c:\Users\sebros\Desktop\1.3.10\src\Orchard\ContentManagement\Drivers\ContentFieldDriver.cs:line 56
   at System.Linq.Enumerable.WhereSelectEnumerableIterator`2.MoveNext()
   at System.Linq.Buffer`1..ctor(IEnumerable`1 source)
   at System.Linq.Enumerable.ToArray[TSource](IEnumerable`1 source)
   at Orchard.ContentManagement.Drivers.ContentFieldDriver`1.Process(ContentItem item, Func`3 effort) in c:\Users\sebros\Desktop\1.3.10\src\Orchard\ContentManagement\Drivers\ContentFieldDriver.cs:line 57
   at Orchard.ContentManagement.Drivers.ContentFieldDriver`1.Orchard.ContentManagement.Drivers.IContentFieldDriver.BuildEditorShape(BuildEditorContext context) in c:\Users\sebros\Desktop\1.3.10\src\Orchard\ContentManagement\Drivers\ContentFieldDriver.cs:line 23
   at Orchard.ContentManagement.Drivers.Coordinators.ContentFieldDriverCoordinator.<>c__DisplayClassc.<BuildEditor>b__b(IContentFieldDriver driver) in c:\Users\sebros\Desktop\1.3.10\src\Orchard\ContentManagement\Drivers\Coordinators\ContentFieldDriverCoordinator.cs:line 56
   at Orchard.InvokeExtensions.Invoke[TEvents](IEnumerable`1 events, Action`1 dispatch, ILogger logger) in c:\Users\sebros\Desktop\1.3.10\src\Orchard\InvokeExtensions.cs:line 19
2012-01-30 17:32:52,650 [16] Orchard.ContentManagement.Drivers.Coordinators.ContentFieldDriverCoordinator - InvalidOperationException thrown from IContentFieldDriver by FormGenerator.Drivers.GenericFieldDriver
System.InvalidOperationException: Sequence contains no matching element
   at System.Linq.Enumerable.Single[TSource](IEnumerable`1 source, Func`2 predicate)
   at FormGenerator.Services.Implementation.DisplayService.Display(Class dClass, Object shapeHelper, String propertyName)
   at FormGenerator.Drivers.GenericFieldDriver.Editor(ContentPart part, GenericField field, Object shapeHelper)
   at Orchard.ContentManagement.Drivers.ContentFieldDriver`1.<>c__DisplayClassd.<Orchard.ContentManagement.Drivers.IContentFieldDriver.BuildEditorShape>b__c(ContentPart part, TField field) in c:\Users\sebros\Desktop\1.3.10\src\Orchard\ContentManagement\Drivers\ContentFieldDriver.cs:line 23
   at Orchard.ContentManagement.Drivers.ContentFieldDriver`1.<>c__DisplayClass2a.<Process>b__28(<>f__AnonymousType4`2 pf) in c:\Users\sebros\Desktop\1.3.10\src\Orchard\ContentManagement\Drivers\ContentFieldDriver.cs:line 56
   at System.Linq.Enumerable.WhereSelectEnumerableIterator`2.MoveNext()
   at System.Linq.Buffer`1..ctor(IEnumerable`1 source)
   at System.Linq.Enumerable.ToArray[TSource](IEnumerable`1 source)
   at Orchard.ContentManagement.Drivers.ContentFieldDriver`1.Process(ContentItem item, Func`3 effort) in c:\Users\sebros\Desktop\1.3.10\src\Orchard\ContentManagement\Drivers\ContentFieldDriver.cs:line 57
   at Orchard.ContentManagement.Drivers.ContentFieldDriver`1.Orchard.ContentManagement.Drivers.IContentFieldDriver.BuildEditorShape(BuildEditorContext context) in c:\Users\sebros\Desktop\1.3.10\src\Orchard\ContentManagement\Drivers\ContentFieldDriver.cs:line 23
   at Orchard.ContentManagement.Drivers.Coordinators.ContentFieldDriverCoordinator.<>c__DisplayClassc.<BuildEditor>b__b(IContentFieldDriver driver) in c:\Users\sebros\Desktop\1.3.10\src\Orchard\ContentManagement\Drivers\Coordinators\ContentFieldDriverCoordinator.cs:line 56
   at Orchard.InvokeExtensions.Invoke[TEvents](IEnumerable`1 events, Action`1 dispatch, ILogger logger) in c:\Users\sebros\Desktop\1.3.10\src\Orchard\InvokeExtensions.cs:line 19
2012-01-30 17:32:54,609 [11] Orchard.ContentManagement.Drivers.Coordinators.ContentFieldDriverCoordinator - InvalidOperationException thrown from IContentFieldDriver by FormGenerator.Drivers.GenericFieldDriver
System.InvalidOperationException: Sequence contains no matching element
   at System.Linq.Enumerable.Single[TSource](IEnumerable`1 source, Func`2 predicate)
   at FormGenerator.Services.Implementation.DisplayService.Display(Class dClass, Object shapeHelper, String propertyName)
   at FormGenerator.Drivers.GenericFieldDriver.Editor(ContentPart part, GenericField field, Object shapeHelper)
   at Orchard.ContentManagement.Drivers.ContentFieldDriver`1.<>c__DisplayClassd.<Orchard.ContentManagement.Drivers.IContentFieldDriver.BuildEditorShape>b__c(ContentPart part, TField field) in c:\Users\sebros\Desktop\1.3.10\src\Orchard\ContentManagement\Drivers\ContentFieldDriver.cs:line 23
   at Orchard.ContentManagement.Drivers.ContentFieldDriver`1.<>c__DisplayClass2a.<Process>b__28(<>f__AnonymousType4`2 pf) in c:\Users\sebros\Desktop\1.3.10\src\Orchard\ContentManagement\Drivers\ContentFieldDriver.cs:line 56
   at System.Linq.Enumerable.WhereSelectEnumerableIterator`2.MoveNext()
   at System.Linq.Buffer`1..ctor(IEnumerable`1 source)
   at System.Linq.Enumerable.ToArray[TSource](IEnumerable`1 source)
   at Orchard.ContentManagement.Drivers.ContentFieldDriver`1.Process(ContentItem item, Func`3 effort) in c:\Users\sebros\Desktop\1.3.10\src\Orchard\ContentManagement\Drivers\ContentFieldDriver.cs:line 57
   at Orchard.ContentManagement.Drivers.ContentFieldDriver`1.Orchard.ContentManagement.Drivers.IContentFieldDriver.BuildEditorShape(BuildEditorContext context) in c:\Users\sebros\Desktop\1.3.10\src\Orchard\ContentManagement\Drivers\ContentFieldDriver.cs:line 23
   at Orchard.ContentManagement.Drivers.Coordinators.ContentFieldDriverCoordinator.<>c__DisplayClassc.<BuildEditor>b__b(IContentFieldDriver driver) in c:\Users\sebros\Desktop\1.3.10\src\Orchard\ContentManagement\Drivers\Coordinators\ContentFieldDriverCoordinator.cs:line 56
   at Orchard.InvokeExtensions.Invoke[TEvents](IEnumerable`1 events, Action`1 dispatch, ILogger logger) in c:\Users\sebros\Desktop\1.3.10\src\Orchard\InvokeExtensions.cs:line 19
2012-01-30 17:33:13,624 [17] Orchard.ContentManagement.Drivers.Coordinators.ContentFieldDriverCoordinator - InvalidOperationException thrown from IContentFieldDriver by FormGenerator.Drivers.GenericFieldDriver
System.InvalidOperationException: Sequence contains no matching element
   at System.Linq.Enumerable.Single[TSource](IEnumerable`1 source, Func`2 predicate)
   at FormGenerator.Services.Implementation.DisplayService.Display(Class dClass, Object shapeHelper, String propertyName)
   at FormGenerator.Drivers.GenericFieldDriver.Editor(ContentPart part, GenericField field, Object shapeHelper)
   at Orchard.ContentManagement.Drivers.ContentFieldDriver`1.<>c__DisplayClassd.<Orchard.ContentManagement.Drivers.IContentFieldDriver.BuildEditorShape>b__c(ContentPart part, TField field) in c:\Users\sebros\Desktop\1.3.10\src\Orchard\ContentManagement\Drivers\ContentFieldDriver.cs:line 23
   at Orchard.ContentManagement.Drivers.ContentFieldDriver`1.<>c__DisplayClass2a.<Process>b__28(<>f__AnonymousType4`2 pf) in c:\Users\sebros\Desktop\1.3.10\src\Orchard\ContentManagement\Drivers\ContentFieldDriver.cs:line 56
   at System.Linq.Enumerable.WhereSelectEnumerableIterator`2.MoveNext()
   at System.Linq.Buffer`1..ctor(IEnumerable`1 source)
   at System.Linq.Enumerable.ToArray[TSource](IEnumerable`1 source)
   at Orchard.ContentManagement.Drivers.ContentFieldDriver`1.Process(ContentItem item, Func`3 effort) in c:\Users\sebros\Desktop\1.3.10\src\Orchard\ContentManagement\Drivers\ContentFieldDriver.cs:line 57
   at Orchard.ContentManagement.Drivers.ContentFieldDriver`1.Orchard.ContentManagement.Drivers.IContentFieldDriver.BuildEditorShape(BuildEditorContext context) in c:\Users\sebros\Desktop\1.3.10\src\Orchard\ContentManagement\Drivers\ContentFieldDriver.cs:line 23
   at Orchard.ContentManagement.Drivers.Coordinators.ContentFieldDriverCoordinator.<>c__DisplayClassc.<BuildEditor>b__b(IContentFieldDriver driver) in c:\Users\sebros\Desktop\1.3.10\src\Orchard\ContentManagement\Drivers\Coordinators\ContentFieldDriverCoordinator.cs:line 56
   at Orchard.InvokeExtensions.Invoke[TEvents](IEnumerable`1 events, Action`1 dispatch, ILogger logger) in c:\Users\sebros\Desktop\1.3.10\src\Orchard\InvokeExtensions.cs:line 19
2012-01-30 17:33:16,003 [6] Orchard.ContentManagement.Drivers.Coordinators.ContentFieldDriverCoordinator - InvalidOperationException thrown from IContentFieldDriver by FormGenerator.Drivers.GenericFieldDriver
System.InvalidOperationException: Sequence contains no matching element
   at System.Linq.Enumerable.Single[TSource](IEnumerable`1 source, Func`2 predicate)
   at FormGenerator.Services.Implementation.DisplayService.Display(Class dClass, Object shapeHelper, String propertyName)
   at FormGenerator.Drivers.GenericFieldDriver.Editor(ContentPart part, GenericField field, Object shapeHelper)
   at Orchard.ContentManagement.Drivers.ContentFieldDriver`1.<>c__DisplayClassd.<Orchard.ContentManagement.Drivers.IContentFieldDriver.BuildEditorShape>b__c(ContentPart part, TField field) in c:\Users\sebros\Desktop\1.3.10\src\Orchard\ContentManagement\Drivers\ContentFieldDriver.cs:line 23
   at Orchard.ContentManagement.Drivers.ContentFieldDriver`1.<>c__DisplayClass2a.<Process>b__28(<>f__AnonymousType4`2 pf) in c:\Users\sebros\Desktop\1.3.10\src\Orchard\ContentManagement\Drivers\ContentFieldDriver.cs:line 56
   at System.Linq.Enumerable.WhereSelectEnumerableIterator`2.MoveNext()
   at System.Linq.Buffer`1..ctor(IEnumerable`1 source)
   at System.Linq.Enumerable.ToArray[TSource](IEnumerable`1 source)
   at Orchard.ContentManagement.Drivers.ContentFieldDriver`1.Process(ContentItem item, Func`3 effort) in c:\Users\sebros\Desktop\1.3.10\src\Orchard\ContentManagement\Drivers\ContentFieldDriver.cs:line 57
   at Orchard.ContentManagement.Drivers.ContentFieldDriver`1.Orchard.ContentManagement.Drivers.IContentFieldDriver.BuildEditorShape(BuildEditorContext context) in c:\Users\sebros\Desktop\1.3.10\src\Orchard\ContentManagement\Drivers\ContentFieldDriver.cs:line 23
   at Orchard.ContentManagement.Drivers.Coordinators.ContentFieldDriverCoordinator.<>c__DisplayClassc.<BuildEditor>b__b(IContentFieldDriver driver) in c:\Users\sebros\Desktop\1.3.10\src\Orchard\ContentManagement\Drivers\Coordinators\ContentFieldDriverCoordinator.cs:line 56
   at Orchard.InvokeExtensions.Invoke[TEvents](IEnumerable`1 events, Action`1 dispatch, ILogger logger) in c:\Users\sebros\Desktop\1.3.10\src\Orchard\InvokeExtensions.cs:line 19
2012-01-30 17:33:40,511 [5] Orchard.ContentManagement.Drivers.Coordinators.ContentFieldDriverCoordinator - InvalidOperationException thrown from IContentFieldDriver by FormGenerator.Drivers.GenericFieldDriver
System.InvalidOperationException: Sequence contains no matching element
   at System.Linq.Enumerable.Single[TSource](IEnumerable`1 source, Func`2 predicate)
   at FormGenerator.Services.Implementation.DisplayService.Display(Class dClass, Object shapeHelper, String propertyName)
   at System.Dynamic.UpdateDelegates.UpdateAndExecute4[T0,T1,T2,T3,TRet](CallSite site, T0 arg0, T1 arg1, T2 arg2, T3 arg3)
   at FormGenerator.Drivers.GenericFieldDriver.Editor(ContentPart part, GenericField field, Object shapeHelper)
   at System.Dynamic.UpdateDelegates.UpdateAndExecute4[T0,T1,T2,T3,TRet](CallSite site, T0 arg0, T1 arg1, T2 arg2, T3 arg3)
   at Orchard.ContentManagement.Drivers.ContentFieldDriver`1.<>c__DisplayClassd.<Orchard.ContentManagement.Drivers.IContentFieldDriver.BuildEditorShape>b__c(ContentPart part, TField field) in c:\Users\sebros\Desktop\1.3.10\src\Orchard\ContentManagement\Drivers\ContentFieldDriver.cs:line 23
   at Orchard.ContentManagement.Drivers.ContentFieldDriver`1.<>c__DisplayClass2a.<Process>b__28(<>f__AnonymousType4`2 pf) in c:\Users\sebros\Desktop\1.3.10\src\Orchard\ContentManagement\Drivers\ContentFieldDriver.cs:line 56
   at System.Linq.Enumerable.WhereSelectEnumerableIterator`2.MoveNext()
   at System.Linq.Buffer`1..ctor(IEnumerable`1 source)
   at System.Linq.Enumerable.ToArray[TSource](IEnumerable`1 source)
   at Orchard.ContentManagement.Drivers.ContentFieldDriver`1.Process(ContentItem item, Func`3 effort) in c:\Users\sebros\Desktop\1.3.10\src\Orchard\ContentManagement\Drivers\ContentFieldDriver.cs:line 57
   at Orchard.ContentManagement.Drivers.ContentFieldDriver`1.Orchard.ContentManagement.Drivers.IContentFieldDriver.BuildEditorShape(BuildEditorContext context) in c:\Users\sebros\Desktop\1.3.10\src\Orchard\ContentManagement\Drivers\ContentFieldDriver.cs:line 23
   at Orchard.ContentManagement.Drivers.Coordinators.ContentFieldDriverCoordinator.<>c__DisplayClassc.<BuildEditor>b__b(IContentFieldDriver driver) in c:\Users\sebros\Desktop\1.3.10\src\Orchard\ContentManagement\Drivers\Coordinators\ContentFieldDriverCoordinator.cs:line 56
   at Orchard.InvokeExtensions.Invoke[TEvents](IEnumerable`1 events, Action`1 dispatch, ILogger logger) in c:\Users\sebros\Desktop\1.3.10\src\Orchard\InvokeExtensions.cs:line 19
2012-01-30 17:51:47,904 [18] Orchard.ContentManagement.Drivers.Coordinators.ContentFieldDriverCoordinator - InvalidOperationException thrown from IContentFieldDriver by FormGenerator.Drivers.GenericFieldDriver
System.InvalidOperationException: Sequence contains no matching element
   at System.Linq.Enumerable.Single[TSource](IEnumerable`1 source, Func`2 predicate)
   at FormGenerator.Services.Implementation.DisplayService.Display(Class dClass, Object shapeHelper, String propertyName)
   at FormGenerator.Drivers.GenericFieldDriver.Editor(ContentPart part, GenericField field, Object shapeHelper)
   at Orchard.ContentManagement.Drivers.ContentFieldDriver`1.<>c__DisplayClassd.<Orchard.ContentManagement.Drivers.IContentFieldDriver.BuildEditorShape>b__c(ContentPart part, TField field) in c:\Users\sebros\Desktop\1.3.10\src\Orchard\ContentManagement\Drivers\ContentFieldDriver.cs:line 23
   at Orchard.ContentManagement.Drivers.ContentFieldDriver`1.<>c__DisplayClass2a.<Process>b__28(<>f__AnonymousType4`2 pf) in c:\Users\sebros\Desktop\1.3.10\src\Orchard\ContentManagement\Drivers\ContentFieldDriver.cs:line 56
   at System.Linq.Enumerable.WhereSelectEnumerableIterator`2.MoveNext()
   at System.Linq.Buffer`1..ctor(IEnumerable`1 source)
   at System.Linq.Enumerable.ToArray[TSource](IEnumerable`1 source)
   at Orchard.ContentManagement.Drivers.ContentFieldDriver`1.Process(ContentItem item, Func`3 effort) in c:\Users\sebros\Desktop\1.3.10\src\Orchard\ContentManagement\Drivers\ContentFieldDriver.cs:line 57
   at Orchard.ContentManagement.Drivers.ContentFieldDriver`1.Orchard.ContentManagement.Drivers.IContentFieldDriver.BuildEditorShape(BuildEditorContext context) in c:\Users\sebros\Desktop\1.3.10\src\Orchard\ContentManagement\Drivers\ContentFieldDriver.cs:line 23
   at Orchard.ContentManagement.Drivers.Coordinators.ContentFieldDriverCoordinator.<>c__DisplayClassc.<BuildEditor>b__b(IContentFieldDriver driver) in c:\Users\sebros\Desktop\1.3.10\src\Orchard\ContentManagement\Drivers\Coordinators\ContentFieldDriverCoordinator.cs:line 56
   at Orchard.InvokeExtensions.Invoke[TEvents](IEnumerable`1 events, Action`1 dispatch, ILogger logger) in c:\Users\sebros\Desktop\1.3.10\src\Orchard\InvokeExtensions.cs:line 19
2012-01-30 17:53:39,748 [11] Orchard.ContentManagement.Drivers.Coordinators.ContentFieldDriverCoordinator - InvalidOperationException thrown from IContentFieldDriver by FormGenerator.Drivers.GenericFieldDriver
System.InvalidOperationException: Sequence contains no matching element
   at System.Linq.Enumerable.Single[TSource](IEnumerable`1 source, Func`2 predicate)
   at FormGenerator.Services.Implementation.DisplayService.Display(Class dClass, Object shapeHelper, String propertyName)
   at System.Dynamic.UpdateDelegates.UpdateAndExecute4[T0,T1,T2,T3,TRet](CallSite site, T0 arg0, T1 arg1, T2 arg2, T3 arg3)
   at FormGenerator.Drivers.GenericFieldDriver.Editor(ContentPart part, GenericField field, Object shapeHelper)
   at System.Dynamic.UpdateDelegates.UpdateAndExecute4[T0,T1,T2,T3,TRet](CallSite site, T0 arg0, T1 arg1, T2 arg2, T3 arg3)
   at Orchard.ContentManagement.Drivers.ContentFieldDriver`1.<>c__DisplayClassd.<Orchard.ContentManagement.Drivers.IContentFieldDriver.BuildEditorShape>b__c(ContentPart part, TField field) in c:\Users\sebros\Desktop\1.3.10\src\Orchard\ContentManagement\Drivers\ContentFieldDriver.cs:line 23
   at Orchard.ContentManagement.Drivers.ContentFieldDriver`1.<>c__DisplayClass2a.<Process>b__28(<>f__AnonymousType4`2 pf) in c:\Users\sebros\Desktop\1.3.10\src\Orchard\ContentManagement\Drivers\ContentFieldDriver.cs:line 56
   at System.Linq.Enumerable.WhereSelectEnumerableIterator`2.MoveNext()
   at System.Linq.Buffer`1..ctor(IEnumerable`1 source)
   at System.Linq.Enumerable.ToArray[TSource](IEnumerable`1 source)
   at Orchard.ContentManagement.Drivers.ContentFieldDriver`1.Process(ContentItem item, Func`3 effort) in c:\Users\sebros\Desktop\1.3.10\src\Orchard\ContentManagement\Drivers\ContentFieldDriver.cs:line 57
   at Orchard.ContentManagement.Drivers.ContentFieldDriver`1.Orchard.ContentManagement.Drivers.IContentFieldDriver.BuildEditorShape(BuildEditorContext context) in c:\Users\sebros\Desktop\1.3.10\src\Orchard\ContentManagement\Drivers\ContentFieldDriver.cs:line 23
   at Orchard.ContentManagement.Drivers.Coordinators.ContentFieldDriverCoordinator.<>c__DisplayClassc.<BuildEditor>b__b(IContentFieldDriver driver) in c:\Users\sebros\Desktop\1.3.10\src\Orchard\ContentManagement\Drivers\Coordinators\ContentFieldDriverCoordinator.cs:line 56
   at Orchard.InvokeExtensions.Invoke[TEvents](IEnumerable`1 events, Action`1 dispatch, ILogger logger) in c:\Users\sebros\Desktop\1.3.10\src\Orchard\InvokeExtensions.cs:line 19
2012-01-30 17:53:48,139 [10] Orchard.ContentManagement.Drivers.Coordinators.ContentFieldDriverCoordinator - RuntimeBinderException thrown from IContentFieldDriver by FormGenerator.Drivers.GenericFieldDriver
Microsoft.CSharp.RuntimeBinder.RuntimeBinderException: Cannot implicitly convert type 'FormGenerator.Models.VisualAppearance.ViewContext' to 'System.Collections.Generic.IEnumerable<FormGenerator.Models.VisualAppearance.ViewContext>'. An explicit conversion exists (are you missing a cast?)
   at CallSite.Target(Closure , CallSite , Object )
   at System.Dynamic.UpdateDelegates.UpdateAndExecute1[T0,TRet](CallSite site, T0 arg0)
   at FormGenerator.Drivers.GenericFieldDriver.Display(ContentPart part, GenericField field, String displayType, Object shapeHelper)
   at System.Dynamic.UpdateDelegates.UpdateAndExecute5[T0,T1,T2,T3,T4,TRet](CallSite site, T0 arg0, T1 arg1, T2 arg2, T3 arg3, T4 arg4)
   at Orchard.ContentManagement.Drivers.ContentFieldDriver`1.<>c__DisplayClass7.<Orchard.ContentManagement.Drivers.IContentFieldDriver.BuildDisplayShape>b__6(ContentPart part, TField field) in c:\Users\sebros\Desktop\1.3.10\src\Orchard\ContentManagement\Drivers\ContentFieldDriver.cs:line 19
   at Orchard.ContentManagement.Drivers.ContentFieldDriver`1.<>c__DisplayClass2a.<Process>b__28(<>f__AnonymousType4`2 pf) in c:\Users\sebros\Desktop\1.3.10\src\Orchard\ContentManagement\Drivers\ContentFieldDriver.cs:line 56
   at System.Linq.Enumerable.WhereSelectEnumerableIterator`2.MoveNext()
   at System.Linq.Buffer`1..ctor(IEnumerable`1 source)
   at System.Linq.Enumerable.ToArray[TSource](IEnumerable`1 source)
   at Orchard.ContentManagement.Drivers.ContentFieldDriver`1.Process(ContentItem item, Func`3 effort) in c:\Users\sebros\Desktop\1.3.10\src\Orchard\ContentManagement\Drivers\ContentFieldDriver.cs:line 57
   at Orchard.ContentManagement.Drivers.ContentFieldDriver`1.Orchard.ContentManagement.Drivers.IContentFieldDriver.BuildDisplayShape(BuildDisplayContext context) in c:\Users\sebros\Desktop\1.3.10\src\Orchard\ContentManagement\Drivers\ContentFieldDriver.cs:line 19
   at Orchard.ContentManagement.Drivers.Coordinators.ContentFieldDriverCoordinator.<>c__DisplayClass9.<BuildDisplay>b__8(IContentFieldDriver driver) in c:\Users\sebros\Desktop\1.3.10\src\Orchard\ContentManagement\Drivers\Coordinators\ContentFieldDriverCoordinator.cs:line 48
   at Orchard.InvokeExtensions.Invoke[TEvents](IEnumerable`1 events, Action`1 dispatch, ILogger logger) in c:\Users\sebros\Desktop\1.3.10\src\Orchard\InvokeExtensions.cs:line 19
2012-01-30 17:53:51,916 [11] Orchard.ContentManagement.Drivers.Coordinators.ContentFieldDriverCoordinator - RuntimeBinderException thrown from IContentFieldDriver by FormGenerator.Drivers.GenericFieldDriver
Microsoft.CSharp.RuntimeBinder.RuntimeBinderException: Cannot implicitly convert type 'FormGenerator.Models.VisualAppearance.ViewContext' to 'System.Collections.Generic.IEnumerable<FormGenerator.Models.VisualAppearance.ViewContext>'. An explicit conversion exists (are you missing a cast?)
   at CallSite.Target(Closure , CallSite , Object )
   at FormGenerator.Drivers.GenericFieldDriver.Display(ContentPart part, GenericField field, String displayType, Object shapeHelper)
   at Orchard.ContentManagement.Drivers.ContentFieldDriver`1.<>c__DisplayClass7.<Orchard.ContentManagement.Drivers.IContentFieldDriver.BuildDisplayShape>b__6(ContentPart part, TField field) in c:\Users\sebros\Desktop\1.3.10\src\Orchard\ContentManagement\Drivers\ContentFieldDriver.cs:line 19
   at Orchard.ContentManagement.Drivers.ContentFieldDriver`1.<>c__DisplayClass2a.<Process>b__28(<>f__AnonymousType4`2 pf) in c:\Users\sebros\Desktop\1.3.10\src\Orchard\ContentManagement\Drivers\ContentFieldDriver.cs:line 56
   at System.Linq.Enumerable.WhereSelectEnumerableIterator`2.MoveNext()
   at System.Linq.Buffer`1..ctor(IEnumerable`1 source)
   at System.Linq.Enumerable.ToArray[TSource](IEnumerable`1 source)
   at Orchard.ContentManagement.Drivers.ContentFieldDriver`1.Process(ContentItem item, Func`3 effort) in c:\Users\sebros\Desktop\1.3.10\src\Orchard\ContentManagement\Drivers\ContentFieldDriver.cs:line 57
   at Orchard.ContentManagement.Drivers.ContentFieldDriver`1.Orchard.ContentManagement.Drivers.IContentFieldDriver.BuildDisplayShape(BuildDisplayContext context) in c:\Users\sebros\Desktop\1.3.10\src\Orchard\ContentManagement\Drivers\ContentFieldDriver.cs:line 19
   at Orchard.ContentManagement.Drivers.Coordinators.ContentFieldDriverCoordinator.<>c__DisplayClass9.<BuildDisplay>b__8(IContentFieldDriver driver) in c:\Users\sebros\Desktop\1.3.10\src\Orchard\ContentManagement\Drivers\Coordinators\ContentFieldDriverCoordinator.cs:line 48
   at Orchard.InvokeExtensions.Invoke[TEvents](IEnumerable`1 events, Action`1 dispatch, ILogger logger) in c:\Users\sebros\Desktop\1.3.10\src\Orchard\InvokeExtensions.cs:line 19
2012-01-30 17:53:54,141 [11] Orchard.ContentManagement.Drivers.Coordinators.ContentFieldDriverCoordinator - RuntimeBinderException thrown from IContentFieldDriver by FormGenerator.Drivers.GenericFieldDriver
Microsoft.CSharp.RuntimeBinder.RuntimeBinderException: Cannot implicitly convert type 'FormGenerator.Models.VisualAppearance.ViewContext' to 'System.Collections.Generic.IEnumerable<FormGenerator.Models.VisualAppearance.ViewContext>'. An explicit conversion exists (are you missing a cast?)
   at CallSite.Target(Closure , CallSite , Object )
   at FormGenerator.Drivers.GenericFieldDriver.Display(ContentPart part, GenericField field, String displayType, Object shapeHelper)
   at Orchard.ContentManagement.Drivers.ContentFieldDriver`1.<>c__DisplayClass7.<Orchard.ContentManagement.Drivers.IContentFieldDriver.BuildDisplayShape>b__6(ContentPart part, TField field) in c:\Users\sebros\Desktop\1.3.10\src\Orchard\ContentManagement\Drivers\ContentFieldDriver.cs:line 19
   at Orchard.ContentManagement.Drivers.ContentFieldDriver`1.<>c__DisplayClass2a.<Process>b__28(<>f__AnonymousType4`2 pf) in c:\Users\sebros\Desktop\1.3.10\src\Orchard\ContentManagement\Drivers\ContentFieldDriver.cs:line 56
   at System.Linq.Enumerable.WhereSelectEnumerableIterator`2.MoveNext()
   at System.Linq.Buffer`1..ctor(IEnumerable`1 source)
   at System.Linq.Enumerable.ToArray[TSource](IEnumerable`1 source)
   at Orchard.ContentManagement.Drivers.ContentFieldDriver`1.Process(ContentItem item, Func`3 effort) in c:\Users\sebros\Desktop\1.3.10\src\Orchard\ContentManagement\Drivers\ContentFieldDriver.cs:line 57
   at Orchard.ContentManagement.Drivers.ContentFieldDriver`1.Orchard.ContentManagement.Drivers.IContentFieldDriver.BuildDisplayShape(BuildDisplayContext context) in c:\Users\sebros\Desktop\1.3.10\src\Orchard\ContentManagement\Drivers\ContentFieldDriver.cs:line 19
   at Orchard.ContentManagement.Drivers.Coordinators.ContentFieldDriverCoordinator.<>c__DisplayClass9.<BuildDisplay>b__8(IContentFieldDriver driver) in c:\Users\sebros\Desktop\1.3.10\src\Orchard\ContentManagement\Drivers\Coordinators\ContentFieldDriverCoordinator.cs:line 48
   at Orchard.InvokeExtensions.Invoke[TEvents](IEnumerable`1 events, Action`1 dispatch, ILogger logger) in c:\Users\sebros\Desktop\1.3.10\src\Orchard\InvokeExtensions.cs:line 19
2012-01-30 17:53:57,298 [6] Orchard.ContentManagement.Drivers.Coordinators.ContentFieldDriverCoordinator - RuntimeBinderException thrown from IContentFieldDriver by FormGenerator.Drivers.GenericFieldDriver
Microsoft.CSharp.RuntimeBinder.RuntimeBinderException: Cannot implicitly convert type 'FormGenerator.Models.VisualAppearance.ViewContext' to 'System.Collections.Generic.IEnumerable<FormGenerator.Models.VisualAppearance.ViewContext>'. An explicit conversion exists (are you missing a cast?)
   at CallSite.Target(Closure , CallSite , Object )
   at FormGenerator.Drivers.GenericFieldDriver.Display(ContentPart part, GenericField field, String displayType, Object shapeHelper)
   at Orchard.ContentManagement.Drivers.ContentFieldDriver`1.<>c__DisplayClass7.<Orchard.ContentManagement.Drivers.IContentFieldDriver.BuildDisplayShape>b__6(ContentPart part, TField field) in c:\Users\sebros\Desktop\1.3.10\src\Orchard\ContentManagement\Drivers\ContentFieldDriver.cs:line 19
   at Orchard.ContentManagement.Drivers.ContentFieldDriver`1.<>c__DisplayClass2a.<Process>b__28(<>f__AnonymousType4`2 pf) in c:\Users\sebros\Desktop\1.3.10\src\Orchard\ContentManagement\Drivers\ContentFieldDriver.cs:line 56
   at System.Linq.Enumerable.WhereSelectEnumerableIterator`2.MoveNext()
   at System.Linq.Buffer`1..ctor(IEnumerable`1 source)
   at System.Linq.Enumerable.ToArray[TSource](IEnumerable`1 source)
   at Orchard.ContentManagement.Drivers.ContentFieldDriver`1.Process(ContentItem item, Func`3 effort) in c:\Users\sebros\Desktop\1.3.10\src\Orchard\ContentManagement\Drivers\ContentFieldDriver.cs:line 57
   at Orchard.ContentManagement.Drivers.ContentFieldDriver`1.Orchard.ContentManagement.Drivers.IContentFieldDriver.BuildDisplayShape(BuildDisplayContext context) in c:\Users\sebros\Desktop\1.3.10\src\Orchard\ContentManagement\Drivers\ContentFieldDriver.cs:line 19
   at Orchard.ContentManagement.Drivers.Coordinators.ContentFieldDriverCoordinator.<>c__DisplayClass9.<BuildDisplay>b__8(IContentFieldDriver driver) in c:\Users\sebros\Desktop\1.3.10\src\Orchard\ContentManagement\Drivers\Coordinators\ContentFieldDriverCoordinator.cs:line 48
   at Orchard.InvokeExtensions.Invoke[TEvents](IEnumerable`1 events, Action`1 dispatch, ILogger logger) in c:\Users\sebros\Desktop\1.3.10\src\Orchard\InvokeExtensions.cs:line 19
2012-01-30 17:54:34,441 [11] Orchard.ContentManagement.Drivers.Coordinators.ContentFieldDriverCoordinator - RuntimeBinderException thrown from IContentFieldDriver by FormGenerator.Drivers.GenericFieldDriver
Microsoft.CSharp.RuntimeBinder.RuntimeBinderException: Cannot implicitly convert type 'FormGenerator.Models.VisualAppearance.ViewContext' to 'System.Collections.Generic.IEnumerable<FormGenerator.Models.VisualAppearance.ViewContext>'. An explicit conversion exists (are you missing a cast?)
   at CallSite.Target(Closure , CallSite , Object )
   at FormGenerator.Drivers.GenericFieldDriver.Display(ContentPart part, GenericField field, String displayType, Object shapeHelper)
   at Orchard.ContentManagement.Drivers.ContentFieldDriver`1.<>c__DisplayClass7.<Orchard.ContentManagement.Drivers.IContentFieldDriver.BuildDisplayShape>b__6(ContentPart part, TField field) in c:\Users\sebros\Desktop\1.3.10\src\Orchard\ContentManagement\Drivers\ContentFieldDriver.cs:line 19
   at Orchard.ContentManagement.Drivers.ContentFieldDriver`1.<>c__DisplayClass2a.<Process>b__28(<>f__AnonymousType4`2 pf) in c:\Users\sebros\Desktop\1.3.10\src\Orchard\ContentManagement\Drivers\ContentFieldDriver.cs:line 56
   at System.Linq.Enumerable.WhereSelectEnumerableIterator`2.MoveNext()
   at System.Linq.Buffer`1..ctor(IEnumerable`1 source)
   at System.Linq.Enumerable.ToArray[TSource](IEnumerable`1 source)
   at Orchard.ContentManagement.Drivers.ContentFieldDriver`1.Process(ContentItem item, Func`3 effort) in c:\Users\sebros\Desktop\1.3.10\src\Orchard\ContentManagement\Drivers\ContentFieldDriver.cs:line 57
   at Orchard.ContentManagement.Drivers.ContentFieldDriver`1.Orchard.ContentManagement.Drivers.IContentFieldDriver.BuildDisplayShape(BuildDisplayContext context) in c:\Users\sebros\Desktop\1.3.10\src\Orchard\ContentManagement\Drivers\ContentFieldDriver.cs:line 19
   at Orchard.ContentManagement.Drivers.Coordinators.ContentFieldDriverCoordinator.<>c__DisplayClass9.<BuildDisplay>b__8(IContentFieldDriver driver) in c:\Users\sebros\Desktop\1.3.10\src\Orchard\ContentManagement\Drivers\Coordinators\ContentFieldDriverCoordinator.cs:line 48
   at Orchard.InvokeExtensions.Invoke[TEvents](IEnumerable`1 events, Action`1 dispatch, ILogger logger) in c:\Users\sebros\Desktop\1.3.10\src\Orchard\InvokeExtensions.cs:line 19
2012-01-30 17:54:36,608 [6] Orchard.ContentManagement.Drivers.Coordinators.ContentFieldDriverCoordinator - InvalidOperationException thrown from IContentFieldDriver by FormGenerator.Drivers.GenericFieldDriver
System.InvalidOperationException: Sequence contains no matching element
   at System.Linq.Enumerable.Single[TSource](IEnumerable`1 source, Func`2 predicate)
   at FormGenerator.Services.Implementation.DisplayService.Display(Class dClass, Object shapeHelper, String propertyName)
   at System.Dynamic.UpdateDelegates.UpdateAndExecute4[T0,T1,T2,T3,TRet](CallSite site, T0 arg0, T1 arg1, T2 arg2, T3 arg3)
   at CallSite.Target(Closure , CallSite , IDisplayService , Class , Object , String )
   at FormGenerator.Drivers.GenericFieldDriver.Editor(ContentPart part, GenericField field, Object shapeHelper)
   at Orchard.ContentManagement.Drivers.ContentFieldDriver`1.<>c__DisplayClassd.<Orchard.ContentManagement.Drivers.IContentFieldDriver.BuildEditorShape>b__c(ContentPart part, TField field) in c:\Users\sebros\Desktop\1.3.10\src\Orchard\ContentManagement\Drivers\ContentFieldDriver.cs:line 23
   at Orchard.ContentManagement.Drivers.ContentFieldDriver`1.<>c__DisplayClass2a.<Process>b__28(<>f__AnonymousType4`2 pf) in c:\Users\sebros\Desktop\1.3.10\src\Orchard\ContentManagement\Drivers\ContentFieldDriver.cs:line 56
   at System.Linq.Enumerable.WhereSelectEnumerableIterator`2.MoveNext()
   at System.Linq.Buffer`1..ctor(IEnumerable`1 source)
   at System.Linq.Enumerable.ToArray[TSource](IEnumerable`1 source)
   at Orchard.ContentManagement.Drivers.ContentFieldDriver`1.Process(ContentItem item, Func`3 effort) in c:\Users\sebros\Desktop\1.3.10\src\Orchard\ContentManagement\Drivers\ContentFieldDriver.cs:line 57
   at Orchard.ContentManagement.Drivers.ContentFieldDriver`1.Orchard.ContentManagement.Drivers.IContentFieldDriver.BuildEditorShape(BuildEditorContext context) in c:\Users\sebros\Desktop\1.3.10\src\Orchard\ContentManagement\Drivers\ContentFieldDriver.cs:line 23
   at Orchard.ContentManagement.Drivers.Coordinators.ContentFieldDriverCoordinator.<>c__DisplayClassc.<BuildEditor>b__b(IContentFieldDriver driver) in c:\Users\sebros\Desktop\1.3.10\src\Orchard\ContentManagement\Drivers\Coordinators\ContentFieldDriverCoordinator.cs:line 56
   at Orchard.InvokeExtensions.Invoke[TEvents](IEnumerable`1 events, Action`1 dispatch, ILogger logger) in c:\Users\sebros\Desktop\1.3.10\src\Orchard\InvokeExtensions.cs:line 19
2012-01-30 17:54:58,578 [5] Orchard.ContentManagement.Drivers.Coordinators.ContentFieldDriverCoordinator - InvalidOperationException thrown from IContentFieldDriver by FormGenerator.Drivers.GenericFieldDriver
System.InvalidOperationException: Sequence contains no matching element
   at System.Linq.Enumerable.Single[TSource](IEnumerable`1 source, Func`2 predicate)
   at FormGenerator.Services.Implementation.DisplayService.Display(Class dClass, Object shapeHelper, String propertyName)
   at System.Dynamic.UpdateDelegates.UpdateAndExecute4[T0,T1,T2,T3,TRet](CallSite site, T0 arg0, T1 arg1, T2 arg2, T3 arg3)
   at FormGenerator.Drivers.GenericFieldDriver.Editor(ContentPart part, GenericField field, Object shapeHelper)
   at System.Dynamic.UpdateDelegates.UpdateAndExecute4[T0,T1,T2,T3,TRet](CallSite site, T0 arg0, T1 arg1, T2 arg2, T3 arg3)
   at Orchard.ContentManagement.Drivers.ContentFieldDriver`1.<>c__DisplayClassd.<Orchard.ContentManagement.Drivers.IContentFieldDriver.BuildEditorShape>b__c(ContentPart part, TField field) in c:\Users\sebros\Desktop\1.3.10\src\Orchard\ContentManagement\Drivers\ContentFieldDriver.cs:line 23
   at Orchard.ContentManagement.Drivers.ContentFieldDriver`1.<>c__DisplayClass2a.<Process>b__28(<>f__AnonymousType4`2 pf) in c:\Users\sebros\Desktop\1.3.10\src\Orchard\ContentManagement\Drivers\ContentFieldDriver.cs:line 56
   at System.Linq.Enumerable.WhereSelectEnumerableIterator`2.MoveNext()
   at System.Linq.Buffer`1..ctor(IEnumerable`1 source)
   at System.Linq.Enumerable.ToArray[TSource](IEnumerable`1 source)
   at Orchard.ContentManagement.Drivers.ContentFieldDriver`1.Process(ContentItem item, Func`3 effort) in c:\Users\sebros\Desktop\1.3.10\src\Orchard\ContentManagement\Drivers\ContentFieldDriver.cs:line 57
   at Orchard.ContentManagement.Drivers.ContentFieldDriver`1.Orchard.ContentManagement.Drivers.IContentFieldDriver.BuildEditorShape(BuildEditorContext context) in c:\Users\sebros\Desktop\1.3.10\src\Orchard\ContentManagement\Drivers\ContentFieldDriver.cs:line 23
   at Orchard.ContentManagement.Drivers.Coordinators.ContentFieldDriverCoordinator.<>c__DisplayClassc.<BuildEditor>b__b(IContentFieldDriver driver) in c:\Users\sebros\Desktop\1.3.10\src\Orchard\ContentManagement\Drivers\Coordinators\ContentFieldDriverCoordinator.cs:line 56
   at Orchard.InvokeExtensions.Invoke[TEvents](IEnumerable`1 events, Action`1 dispatch, ILogger logger) in c:\Users\sebros\Desktop\1.3.10\src\Orchard\InvokeExtensions.cs:line 19
2012-01-30 17:56:18,704 [6] Orchard.ContentManagement.Drivers.Coordinators.ContentFieldDriverCoordinator - InvalidOperationException thrown from IContentFieldDriver by FormGenerator.Drivers.GenericFieldDriver
System.InvalidOperationException: Sequence contains no matching element
   at System.Linq.Enumerable.Single[TSource](IEnumerable`1 source, Func`2 predicate)
   at FormGenerator.Services.Implementation.DisplayService.Display(Class dClass, Object shapeHelper, String propertyName)
   at FormGenerator.Drivers.GenericFieldDriver.Editor(ContentPart part, GenericField field, Object shapeHelper)
   at Orchard.ContentManagement.Drivers.ContentFieldDriver`1.<>c__DisplayClassd.<Orchard.ContentManagement.Drivers.IContentFieldDriver.BuildEditorShape>b__c(ContentPart part, TField field) in c:\Users\sebros\Desktop\1.3.10\src\Orchard\ContentManagement\Drivers\ContentFieldDriver.cs:line 23
   at Orchard.ContentManagement.Drivers.ContentFieldDriver`1.<>c__DisplayClass2a.<Process>b__28(<>f__AnonymousType4`2 pf) in c:\Users\sebros\Desktop\1.3.10\src\Orchard\ContentManagement\Drivers\ContentFieldDriver.cs:line 56
   at System.Linq.Enumerable.WhereSelectEnumerableIterator`2.MoveNext()
   at System.Linq.Buffer`1..ctor(IEnumerable`1 source)
   at System.Linq.Enumerable.ToArray[TSource](IEnumerable`1 source)
   at Orchard.ContentManagement.Drivers.ContentFieldDriver`1.Process(ContentItem item, Func`3 effort) in c:\Users\sebros\Desktop\1.3.10\src\Orchard\ContentManagement\Drivers\ContentFieldDriver.cs:line 57
   at Orchard.ContentManagement.Drivers.ContentFieldDriver`1.Orchard.ContentManagement.Drivers.IContentFieldDriver.BuildEditorShape(BuildEditorContext context) in c:\Users\sebros\Desktop\1.3.10\src\Orchard\ContentManagement\Drivers\ContentFieldDriver.cs:line 23
   at Orchard.ContentManagement.Drivers.Coordinators.ContentFieldDriverCoordinator.<>c__DisplayClassc.<BuildEditor>b__b(IContentFieldDriver driver) in c:\Users\sebros\Desktop\1.3.10\src\Orchard\ContentManagement\Drivers\Coordinators\ContentFieldDriverCoordinator.cs:line 56
   at Orchard.InvokeExtensions.Invoke[TEvents](IEnumerable`1 events, Action`1 dispatch, ILogger logger) in c:\Users\sebros\Desktop\1.3.10\src\Orchard\InvokeExtensions.cs:line 19
2012-01-30 17:56:51,925 [15] Orchard.ContentManagement.Drivers.Coordinators.ContentFieldDriverCoordinator - InvalidOperationException thrown from IContentFieldDriver by FormGenerator.Drivers.GenericFieldDriver
System.InvalidOperationException: Sequence contains no matching element
   at System.Linq.Enumerable.Single[TSource](IEnumerable`1 source, Func`2 predicate)
   at FormGenerator.Services.Implementation.DisplayService.Display(Class dClass, Object shapeHelper, String propertyName)
   at FormGenerator.Drivers.GenericFieldDriver.Editor(ContentPart part, GenericField field, Object shapeHelper)
   at Orchard.ContentManagement.Drivers.ContentFieldDriver`1.<>c__DisplayClassd.<Orchard.ContentManagement.Drivers.IContentFieldDriver.BuildEditorShape>b__c(ContentPart part, TField field) in c:\Users\sebros\Desktop\1.3.10\src\Orchard\ContentManagement\Drivers\ContentFieldDriver.cs:line 23
   at Orchard.ContentManagement.Drivers.ContentFieldDriver`1.<>c__DisplayClass2a.<Process>b__28(<>f__AnonymousType4`2 pf) in c:\Users\sebros\Desktop\1.3.10\src\Orchard\ContentManagement\Drivers\ContentFieldDriver.cs:line 56
   at System.Linq.Enumerable.WhereSelectEnumerableIterator`2.MoveNext()
   at System.Linq.Buffer`1..ctor(IEnumerable`1 source)
   at System.Linq.Enumerable.ToArray[TSource](IEnumerable`1 source)
   at Orchard.ContentManagement.Drivers.ContentFieldDriver`1.Process(ContentItem item, Func`3 effort) in c:\Users\sebros\Desktop\1.3.10\src\Orchard\ContentManagement\Drivers\ContentFieldDriver.cs:line 57
   at Orchard.ContentManagement.Drivers.ContentFieldDriver`1.Orchard.ContentManagement.Drivers.IContentFieldDriver.BuildEditorShape(BuildEditorContext context) in c:\Users\sebros\Desktop\1.3.10\src\Orchard\ContentManagement\Drivers\ContentFieldDriver.cs:line 23
   at Orchard.ContentManagement.Drivers.Coordinators.ContentFieldDriverCoordinator.<>c__DisplayClassc.<BuildEditor>b__b(IContentFieldDriver driver) in c:\Users\sebros\Desktop\1.3.10\src\Orchard\ContentManagement\Drivers\Coordinators\ContentFieldDriverCoordinator.cs:line 56
   at Orchard.InvokeExtensions.Invoke[TEvents](IEnumerable`1 events, Action`1 dispatch, ILogger logger) in c:\Users\sebros\Desktop\1.3.10\src\Orchard\InvokeExtensions.cs:line 19
2012-01-30 17:56:51,936 [14] NHibernate.Util.ADOExceptionReporter - A connection was successfully established with the server, but then an error occurred during the pre-login handshake. (provider: Shared Memory Provider, error: 0 - The pipe has been ended.)
2012-01-30 17:56:51,938 [14] NHibernate.Util.ADOExceptionReporter - A connection was successfully established with the server, but then an error occurred during the pre-login handshake. (provider: Shared Memory Provider, error: 0 - The pipe has been ended.)
2012-01-30 17:56:51,939 [14] Orchard.Tasks.BackgroundService - Error while processing background task
NHibernate.ADOException: could not execute query
[ SELECT this_.Id as Id21_0_, this_.TaskType as TaskType21_0_, this_.ScheduledUtc as Schedule3_21_0_, this_.ContentItemVersionRecord_id as ContentI4_21_0_ FROM Scheduling_ScheduledTaskRecord this_ WHERE this_.ScheduledUtc <= ? ]
Positional parameters:  #0>1/31/2012 1:56:51 AM
[SQL: SELECT this_.Id as Id21_0_, this_.TaskType as TaskType21_0_, this_.ScheduledUtc as Schedule3_21_0_, this_.ContentItemVersionRecord_id as ContentI4_21_0_ FROM Scheduling_ScheduledTaskRecord this_ WHERE this_.ScheduledUtc <= ?] ---> System.Data.SqlClient.SqlException: A connection was successfully established with the server, but then an error occurred during the pre-login handshake. (provider: Shared Memory Provider, error: 0 - The pipe has been ended.)
   at System.Data.SqlClient.SqlInternalConnection.OnError(SqlException exception, Boolean breakConnection)
   at System.Data.SqlClient.TdsParser.ThrowExceptionAndWarning()
   at System.Data.SqlClient.TdsParser.ConsumePreLoginHandshake(Boolean encrypt, Boolean trustServerCert, Boolean& marsCapable)
   at System.Data.SqlClient.TdsParser.Connect(ServerInfo serverInfo, SqlInternalConnectionTds connHandler, Boolean ignoreSniOpenTimeout, Int64 timerExpire, Boolean encrypt, Boolean trustServerCert, Boolean integratedSecurity)
   at System.Data.SqlClient.SqlInternalConnectionTds.AttemptOneLogin(ServerInfo serverInfo, String newPassword, Boolean ignoreSniOpenTimeout, TimeoutTimer timeout, SqlConnection owningObject)
   at System.Data.SqlClient.SqlInternalConnectionTds.LoginNoFailover(ServerInfo serverInfo, String newPassword, Boolean redirectedUserInstance, SqlConnection owningObject, SqlConnectionString connectionOptions, TimeoutTimer timeout)
   at System.Data.SqlClient.SqlInternalConnectionTds.OpenLoginEnlist(SqlConnection owningObject, TimeoutTimer timeout, SqlConnectionString connectionOptions, String newPassword, Boolean redirectedUserInstance)
   at System.Data.SqlClient.SqlInternalConnectionTds..ctor(DbConnectionPoolIdentity identity, SqlConnectionString connectionOptions, Object providerInfo, String newPassword, SqlConnection owningObject, Boolean redirectedUserInstance)
   at System.Data.SqlClient.SqlConnectionFactory.CreateConnection(DbConnectionOptions options, Object poolGroupProviderInfo, DbConnectionPool pool, DbConnection owningConnection)
   at System.Data.ProviderBase.DbConnectionFactory.CreateNonPooledConnection(DbConnection owningConnection, DbConnectionPoolGroup poolGroup)
   at System.Data.ProviderBase.DbConnectionFactory.GetConnection(DbConnection owningConnection)
   at System.Data.ProviderBase.DbConnectionClosed.OpenConnection(DbConnection outerConnection, DbConnectionFactory connectionFactory)
   at System.Data.SqlClient.SqlConnection.Open()
   at NHibernate.Connection.DriverConnectionProvider.GetConnection()
   at NHibernate.AdoNet.ConnectionManager.GetConnection()
   at NHibernate.AdoNet.AbstractBatcher.Prepare(IDbCommand cmd)
   at NHibernate.AdoNet.AbstractBatcher.ExecuteReader(IDbCommand cmd)
   at NHibernate.Loader.Loader.GetResultSet(IDbCommand st, Boolean autoDiscoverTypes, Boolean callable, RowSelection selection, ISessionImplementor session)
   at NHibernate.Loader.Loader.DoQuery(ISessionImplementor session, QueryParameters queryParameters, Boolean returnProxies)
   at NHibernate.Loader.Loader.DoQueryAndInitializeNonLazyCollections(ISessionImplementor session, QueryParameters queryParameters, Boolean returnProxies)
   at NHibernate.Loader.Loader.DoList(ISessionImplementor session, QueryParameters queryParameters)
   --- End of inner exception stack trace ---
   at NHibernate.Loader.Loader.DoList(ISessionImplementor session, QueryParameters queryParameters)
   at NHibernate.Loader.Loader.ListIgnoreQueryCache(ISessionImplementor session, QueryParameters queryParameters)
   at NHibernate.Loader.Loader.List(ISessionImplementor session, QueryParameters queryParameters, ISet`1 querySpaces, IType[] resultTypes)
   at NHibernate.Impl.SessionImpl.List(CriteriaImpl criteria, IList results)
   at NHibernate.Impl.CriteriaImpl.List(IList results)
   at NHibernate.Impl.CriteriaImpl.List()
   at NHibernate.Linq.CriteriaResultReader`1.<GetEnumerator>d__0.MoveNext()
   at System.Collections.Generic.List`1..ctor(IEnumerable`1 collection)
   at System.Linq.Enumerable.ToList[TSource](IEnumerable`1 source)
   at Orchard.Utility.Extensions.ReadOnlyCollectionExtensions.ToReadOnlyCollection[T](IEnumerable`1 enumerable) in c:\Users\sebros\Desktop\1.3.10\src\Orchard\Utility\Extensions\ReadOnlyCollectionExtensions.cs:line 8
   at Orchard.Data.Repository`1.Orchard.Data.IRepository<T>.Fetch(Expression`1 predicate) in c:\Users\sebros\Desktop\1.3.10\src\Orchard\Data\Repository.cs:line 72
   at Orchard.Core.Scheduling.Services.ScheduledTaskExecutor.Sweep() in c:\Users\sebros\Desktop\1.3.10\src\Orchard.Web\Core\Scheduling\Services\ScheduledTaskExecutor.cs:line 36
   at Orchard.Tasks.BackgroundService.Sweep() in c:\Users\sebros\Desktop\1.3.10\src\Orchard\Tasks\BackgroundService.cs:line 31
2012-01-30 17:56:56,961 [15] Orchard.ContentManagement.Drivers.Coordinators.ContentFieldDriverCoordinator - RuntimeBinderException thrown from IContentFieldDriver by FormGenerator.Drivers.GenericFieldDriver
Microsoft.CSharp.RuntimeBinder.RuntimeBinderException: Cannot implicitly convert type 'FormGenerator.Models.VisualAppearance.ViewContext' to 'System.Collections.Generic.IEnumerable<FormGenerator.Models.VisualAppearance.ViewContext>'. An explicit conversion exists (are you missing a cast?)
   at CallSite.Target(Closure , CallSite , Object )
   at System.Dynamic.UpdateDelegates.UpdateAndExecute1[T0,TRet](CallSite site, T0 arg0)
   at FormGenerator.Drivers.GenericFieldDriver.Display(ContentPart part, GenericField field, String displayType, Object shapeHelper)
   at System.Dynamic.UpdateDelegates.UpdateAndExecute5[T0,T1,T2,T3,T4,TRet](CallSite site, T0 arg0, T1 arg1, T2 arg2, T3 arg3, T4 arg4)
   at Orchard.ContentManagement.Drivers.ContentFieldDriver`1.<>c__DisplayClass7.<Orchard.ContentManagement.Drivers.IContentFieldDriver.BuildDisplayShape>b__6(ContentPart part, TField field) in c:\Users\sebros\Desktop\1.3.10\src\Orchard\ContentManagement\Drivers\ContentFieldDriver.cs:line 19
   at Orchard.ContentManagement.Drivers.ContentFieldDriver`1.<>c__DisplayClass2a.<Process>b__28(<>f__AnonymousType4`2 pf) in c:\Users\sebros\Desktop\1.3.10\src\Orchard\ContentManagement\Drivers\ContentFieldDriver.cs:line 56
   at System.Linq.Enumerable.WhereSelectEnumerableIterator`2.MoveNext()
   at System.Linq.Buffer`1..ctor(IEnumerable`1 source)
   at System.Linq.Enumerable.ToArray[TSource](IEnumerable`1 source)
   at Orchard.ContentManagement.Drivers.ContentFieldDriver`1.Process(ContentItem item, Func`3 effort) in c:\Users\sebros\Desktop\1.3.10\src\Orchard\ContentManagement\Drivers\ContentFieldDriver.cs:line 57
   at Orchard.ContentManagement.Drivers.ContentFieldDriver`1.Orchard.ContentManagement.Drivers.IContentFieldDriver.BuildDisplayShape(BuildDisplayContext context) in c:\Users\sebros\Desktop\1.3.10\src\Orchard\ContentManagement\Drivers\ContentFieldDriver.cs:line 19
   at Orchard.ContentManagement.Drivers.Coordinators.ContentFieldDriverCoordinator.<>c__DisplayClass9.<BuildDisplay>b__8(IContentFieldDriver driver) in c:\Users\sebros\Desktop\1.3.10\src\Orchard\ContentManagement\Drivers\Coordinators\ContentFieldDriverCoordinator.cs:line 48
   at Orchard.InvokeExtensions.Invoke[TEvents](IEnumerable`1 events, Action`1 dispatch, ILogger logger) in c:\Users\sebros\Desktop\1.3.10\src\Orchard\InvokeExtensions.cs:line 19
2012-01-30 17:57:01,672 [16] Orchard.ContentManagement.Drivers.Coordinators.ContentFieldDriverCoordinator - RuntimeBinderException thrown from IContentFieldDriver by FormGenerator.Drivers.GenericFieldDriver
Microsoft.CSharp.RuntimeBinder.RuntimeBinderException: Cannot implicitly convert type 'FormGenerator.Models.VisualAppearance.ViewContext' to 'System.Collections.Generic.IEnumerable<FormGenerator.Models.VisualAppearance.ViewContext>'. An explicit conversion exists (are you missing a cast?)
   at CallSite.Target(Closure , CallSite , Object )
   at FormGenerator.Drivers.GenericFieldDriver.Display(ContentPart part, GenericField field, String displayType, Object shapeHelper)
   at Orchard.ContentManagement.Drivers.ContentFieldDriver`1.<>c__DisplayClass7.<Orchard.ContentManagement.Drivers.IContentFieldDriver.BuildDisplayShape>b__6(ContentPart part, TField field) in c:\Users\sebros\Desktop\1.3.10\src\Orchard\ContentManagement\Drivers\ContentFieldDriver.cs:line 19
   at Orchard.ContentManagement.Drivers.ContentFieldDriver`1.<>c__DisplayClass2a.<Process>b__28(<>f__AnonymousType4`2 pf) in c:\Users\sebros\Desktop\1.3.10\src\Orchard\ContentManagement\Drivers\ContentFieldDriver.cs:line 56
   at System.Linq.Enumerable.WhereSelectEnumerableIterator`2.MoveNext()
   at System.Linq.Buffer`1..ctor(IEnumerable`1 source)
   at System.Linq.Enumerable.ToArray[TSource](IEnumerable`1 source)
   at Orchard.ContentManagement.Drivers.ContentFieldDriver`1.Process(ContentItem item, Func`3 effort) in c:\Users\sebros\Desktop\1.3.10\src\Orchard\ContentManagement\Drivers\ContentFieldDriver.cs:line 57
   at Orchard.ContentManagement.Drivers.ContentFieldDriver`1.Orchard.ContentManagement.Drivers.IContentFieldDriver.BuildDisplayShape(BuildDisplayContext context) in c:\Users\sebros\Desktop\1.3.10\src\Orchard\ContentManagement\Drivers\ContentFieldDriver.cs:line 19
   at Orchard.ContentManagement.Drivers.Coordinators.ContentFieldDriverCoordinator.<>c__DisplayClass9.<BuildDisplay>b__8(IContentFieldDriver driver) in c:\Users\sebros\Desktop\1.3.10\src\Orchard\ContentManagement\Drivers\Coordinators\ContentFieldDriverCoordinator.cs:line 48
   at Orchard.InvokeExtensions.Invoke[TEvents](IEnumerable`1 events, Action`1 dispatch, ILogger logger) in c:\Users\sebros\Desktop\1.3.10\src\Orchard\InvokeExtensions.cs:line 19
2012-01-30 17:58:23,703 [11] Orchard.ContentManagement.Drivers.Coordinators.ContentFieldDriverCoordinator - InvalidOperationException thrown from IContentFieldDriver by FormGenerator.Drivers.GenericFieldDriver
System.InvalidOperationException: Sequence contains no matching element
   at System.Linq.Enumerable.Single[TSource](IEnumerable`1 source, Func`2 predicate)
   at FormGenerator.Services.Implementation.DisplayService.Display(Class dClass, Object shapeHelper, String propertyName)
   at System.Dynamic.UpdateDelegates.UpdateAndExecute4[T0,T1,T2,T3,TRet](CallSite site, T0 arg0, T1 arg1, T2 arg2, T3 arg3)
   at FormGenerator.Drivers.GenericFieldDriver.Editor(ContentPart part, GenericField field, Object shapeHelper)
   at System.Dynamic.UpdateDelegates.UpdateAndExecute4[T0,T1,T2,T3,TRet](CallSite site, T0 arg0, T1 arg1, T2 arg2, T3 arg3)
   at Orchard.ContentManagement.Drivers.ContentFieldDriver`1.<>c__DisplayClassd.<Orchard.ContentManagement.Drivers.IContentFieldDriver.BuildEditorShape>b__c(ContentPart part, TField field) in c:\Users\sebros\Desktop\1.3.10\src\Orchard\ContentManagement\Drivers\ContentFieldDriver.cs:line 23
   at Orchard.ContentManagement.Drivers.ContentFieldDriver`1.<>c__DisplayClass2a.<Process>b__28(<>f__AnonymousType4`2 pf) in c:\Users\sebros\Desktop\1.3.10\src\Orchard\ContentManagement\Drivers\ContentFieldDriver.cs:line 56
   at System.Linq.Enumerable.WhereSelectEnumerableIterator`2.MoveNext()
   at System.Linq.Buffer`1..ctor(IEnumerable`1 source)
   at System.Linq.Enumerable.ToArray[TSource](IEnumerable`1 source)
   at Orchard.ContentManagement.Drivers.ContentFieldDriver`1.Process(ContentItem item, Func`3 effort) in c:\Users\sebros\Desktop\1.3.10\src\Orchard\ContentManagement\Drivers\ContentFieldDriver.cs:line 57
   at Orchard.ContentManagement.Drivers.ContentFieldDriver`1.Orchard.ContentManagement.Drivers.IContentFieldDriver.BuildEditorShape(BuildEditorContext context) in c:\Users\sebros\Desktop\1.3.10\src\Orchard\ContentManagement\Drivers\ContentFieldDriver.cs:line 23
   at Orchard.ContentManagement.Drivers.Coordinators.ContentFieldDriverCoordinator.<>c__DisplayClassc.<BuildEditor>b__b(IContentFieldDriver driver) in c:\Users\sebros\Desktop\1.3.10\src\Orchard\ContentManagement\Drivers\Coordinators\ContentFieldDriverCoordinator.cs:line 56
   at Orchard.InvokeExtensions.Invoke[TEvents](IEnumerable`1 events, Action`1 dispatch, ILogger logger) in c:\Users\sebros\Desktop\1.3.10\src\Orchard\InvokeExtensions.cs:line 19
2012-01-30 17:59:49,597 [6] Orchard.ContentManagement.Drivers.Coordinators.ContentFieldDriverCoordinator - InvalidOperationException thrown from IContentFieldDriver by FormGenerator.Drivers.GenericFieldDriver
System.InvalidOperationException: Sequence contains no matching element
   at System.Linq.Enumerable.Single[TSource](IEnumerable`1 source, Func`2 predicate)
   at FormGenerator.Services.Implementation.DisplayService.Display(Class dClass, Object shapeHelper, String propertyName)
   at FormGenerator.Drivers.GenericFieldDriver.Editor(ContentPart part, GenericField field, Object shapeHelper)
   at Orchard.ContentManagement.Drivers.ContentFieldDriver`1.<>c__DisplayClassd.<Orchard.ContentManagement.Drivers.IContentFieldDriver.BuildEditorShape>b__c(ContentPart part, TField field) in c:\Users\sebros\Desktop\1.3.10\src\Orchard\ContentManagement\Drivers\ContentFieldDriver.cs:line 23
   at Orchard.ContentManagement.Drivers.ContentFieldDriver`1.<>c__DisplayClass2a.<Process>b__28(<>f__AnonymousType4`2 pf) in c:\Users\sebros\Desktop\1.3.10\src\Orchard\ContentManagement\Drivers\ContentFieldDriver.cs:line 56
   at System.Linq.Enumerable.WhereSelectEnumerableIterator`2.MoveNext()
   at System.Linq.Buffer`1..ctor(IEnumerable`1 source)
   at System.Linq.Enumerable.ToArray[TSource](IEnumerable`1 source)
   at Orchard.ContentManagement.Drivers.ContentFieldDriver`1.Process(ContentItem item, Func`3 effort) in c:\Users\sebros\Desktop\1.3.10\src\Orchard\ContentManagement\Drivers\ContentFieldDriver.cs:line 57
   at Orchard.ContentManagement.Drivers.ContentFieldDriver`1.Orchard.ContentManagement.Drivers.IContentFieldDriver.BuildEditorShape(BuildEditorContext context) in c:\Users\sebros\Desktop\1.3.10\src\Orchard\ContentManagement\Drivers\ContentFieldDriver.cs:line 23
   at Orchard.ContentManagement.Drivers.Coordinators.ContentFieldDriverCoordinator.<>c__DisplayClassc.<BuildEditor>b__b(IContentFieldDriver driver) in c:\Users\sebros\Desktop\1.3.10\src\Orchard\ContentManagement\Drivers\Coordinators\ContentFieldDriverCoordinator.cs:line 56
   at Orchard.InvokeExtensions.Invoke[TEvents](IEnumerable`1 events, Action`1 dispatch, ILogger logger) in c:\Users\sebros\Desktop\1.3.10\src\Orchard\InvokeExtensions.cs:line 19
2012-01-30 18:00:03,814 [17] Orchard.ContentManagement.Drivers.Coordinators.ContentFieldDriverCoordinator - InvalidOperationException thrown from IContentFieldDriver by FormGenerator.Drivers.GenericFieldDriver
System.InvalidOperationException: Sequence contains no matching element
   at System.Linq.Enumerable.Single[TSource](IEnumerable`1 source, Func`2 predicate)
   at FormGenerator.Services.Implementation.DisplayService.Display(Class dClass, Object shapeHelper, String propertyName)
   at FormGenerator.Drivers.GenericFieldDriver.Editor(ContentPart part, GenericField field, Object shapeHelper)
   at Orchard.ContentManagement.Drivers.ContentFieldDriver`1.<>c__DisplayClassd.<Orchard.ContentManagement.Drivers.IContentFieldDriver.BuildEditorShape>b__c(ContentPart part, TField field) in c:\Users\sebros\Desktop\1.3.10\src\Orchard\ContentManagement\Drivers\ContentFieldDriver.cs:line 23
   at Orchard.ContentManagement.Drivers.ContentFieldDriver`1.<>c__DisplayClass2a.<Process>b__28(<>f__AnonymousType4`2 pf) in c:\Users\sebros\Desktop\1.3.10\src\Orchard\ContentManagement\Drivers\ContentFieldDriver.cs:line 56
   at System.Linq.Enumerable.WhereSelectEnumerableIterator`2.MoveNext()
   at System.Linq.Buffer`1..ctor(IEnumerable`1 source)
   at System.Linq.Enumerable.ToArray[TSource](IEnumerable`1 source)
   at Orchard.ContentManagement.Drivers.ContentFieldDriver`1.Process(ContentItem item, Func`3 effort) in c:\Users\sebros\Desktop\1.3.10\src\Orchard\ContentManagement\Drivers\ContentFieldDriver.cs:line 57
   at Orchard.ContentManagement.Drivers.ContentFieldDriver`1.Orchard.ContentManagement.Drivers.IContentFieldDriver.BuildEditorShape(BuildEditorContext context) in c:\Users\sebros\Desktop\1.3.10\src\Orchard\ContentManagement\Drivers\ContentFieldDriver.cs:line 23
   at Orchard.ContentManagement.Drivers.Coordinators.ContentFieldDriverCoordinator.<>c__DisplayClassc.<BuildEditor>b__b(IContentFieldDriver driver) in c:\Users\sebros\Desktop\1.3.10\src\Orchard\ContentManagement\Drivers\Coordinators\ContentFieldDriverCoordinator.cs:line 56
   at Orchard.InvokeExtensions.Invoke[TEvents](IEnumerable`1 events, Action`1 dispatch, ILogger logger) in c:\Users\sebros\Desktop\1.3.10\src\Orchard\InvokeExtensions.cs:line 19
2012-01-30 18:00:16,507 [14] Orchard.ContentManagement.Drivers.Coordinators.ContentFieldDriverCoordinator - RuntimeBinderException thrown from IContentFieldDriver by FormGenerator.Drivers.GenericFieldDriver
Microsoft.CSharp.RuntimeBinder.RuntimeBinderException: Cannot implicitly convert type 'FormGenerator.Models.VisualAppearance.ViewContext' to 'System.Collections.Generic.IEnumerable<FormGenerator.Models.VisualAppearance.ViewContext>'. An explicit conversion exists (are you missing a cast?)
   at CallSite.Target(Closure , CallSite , Object )
   at System.Dynamic.UpdateDelegates.UpdateAndExecute1[T0,TRet](CallSite site, T0 arg0)
   at FormGenerator.Drivers.GenericFieldDriver.Display(ContentPart part, GenericField field, String displayType, Object shapeHelper)
   at System.Dynamic.UpdateDelegates.UpdateAndExecute5[T0,T1,T2,T3,T4,TRet](CallSite site, T0 arg0, T1 arg1, T2 arg2, T3 arg3, T4 arg4)
   at Orchard.ContentManagement.Drivers.ContentFieldDriver`1.<>c__DisplayClass7.<Orchard.ContentManagement.Drivers.IContentFieldDriver.BuildDisplayShape>b__6(ContentPart part, TField field) in c:\Users\sebros\Desktop\1.3.10\src\Orchard\ContentManagement\Drivers\ContentFieldDriver.cs:line 19
   at Orchard.ContentManagement.Drivers.ContentFieldDriver`1.<>c__DisplayClass2a.<Process>b__28(<>f__AnonymousType4`2 pf) in c:\Users\sebros\Desktop\1.3.10\src\Orchard\ContentManagement\Drivers\ContentFieldDriver.cs:line 56
   at System.Linq.Enumerable.WhereSelectEnumerableIterator`2.MoveNext()
   at System.Linq.Buffer`1..ctor(IEnumerable`1 source)
   at System.Linq.Enumerable.ToArray[TSource](IEnumerable`1 source)
   at Orchard.ContentManagement.Drivers.ContentFieldDriver`1.Process(ContentItem item, Func`3 effort) in c:\Users\sebros\Desktop\1.3.10\src\Orchard\ContentManagement\Drivers\ContentFieldDriver.cs:line 57
   at Orchard.ContentManagement.Drivers.ContentFieldDriver`1.Orchard.ContentManagement.Drivers.IContentFieldDriver.BuildDisplayShape(BuildDisplayContext context) in c:\Users\sebros\Desktop\1.3.10\src\Orchard\ContentManagement\Drivers\ContentFieldDriver.cs:line 19
   at Orchard.ContentManagement.Drivers.Coordinators.ContentFieldDriverCoordinator.<>c__DisplayClass9.<BuildDisplay>b__8(IContentFieldDriver driver) in c:\Users\sebros\Desktop\1.3.10\src\Orchard\ContentManagement\Drivers\Coordinators\ContentFieldDriverCoordinator.cs:line 48
   at Orchard.InvokeExtensions.Invoke[TEvents](IEnumerable`1 events, Action`1 dispatch, ILogger logger) in c:\Users\sebros\Desktop\1.3.10\src\Orchard\InvokeExtensions.cs:line 19
