2012-01-31 11:29:23,146 [21] Orchard.ContentManagement.Drivers.Coordinators.ContentFieldDriverCoordinator - RuntimeBinderException thrown from IContentFieldDriver by FormGenerator.Drivers.ValueGenericFieldDriver
Microsoft.CSharp.RuntimeBinder.RuntimeBinderException: Cannot implicitly convert type 'FormGenerator.Models.VisualAppearance.ViewContext' to 'System.Collections.Generic.IEnumerable<FormGenerator.Models.VisualAppearance.ViewContext>'. An explicit conversion exists (are you missing a cast?)
   at CallSite.Target(Closure , CallSite , Object )
   at System.Dynamic.UpdateDelegates.UpdateAndExecute1[T0,TRet](CallSite site, T0 arg0)
   at FormGenerator.Drivers.ValueGenericFieldDriver.Display(ContentPart part, ValueGenericField field, String displayType, Object shapeHelper)
   at System.Dynamic.UpdateDelegates.UpdateAndExecute5[T0,T1,T2,T3,T4,TRet](CallSite site, T0 arg0, T1 arg1, T2 arg2, T3 arg3, T4 arg4)
   at Orchard.ContentManagement.Drivers.ContentFieldDriver`1.<>c__DisplayClass7.<Orchard.ContentManagement.Drivers.IContentFieldDriver.BuildDisplayShape>b__6(ContentPart part, TField field) in c:\Users\sebros\Desktop\1.3.10\src\Orchard\ContentManagement\Drivers\ContentFieldDriver.cs:line 19
   at Orchard.ContentManagement.Drivers.ContentFieldDriver`1.<>c__DisplayClass2a.<Process>b__28(<>f__AnonymousType4`2 pf) in c:\Users\sebros\Desktop\1.3.10\src\Orchard\ContentManagement\Drivers\ContentFieldDriver.cs:line 56
   at System.Linq.Enumerable.WhereSelectEnumerableIterator`2.MoveNext()
   at System.Linq.Buffer`1..ctor(IEnumerable`1 source)
   at System.Linq.Enumerable.ToArray[TSource](IEnumerable`1 source)
   at Orchard.ContentManagement.Drivers.ContentFieldDriver`1.Process(ContentItem item, Func`3 effort) in c:\Users\sebros\Desktop\1.3.10\src\Orchard\ContentManagement\Drivers\ContentFieldDriver.cs:line 57
   at Orchard.ContentManagement.Drivers.ContentFieldDriver`1.Orchard.ContentManagement.Drivers.IContentFieldDriver.BuildDisplayShape(BuildDisplayContext context) in c:\Users\sebros\Desktop\1.3.10\src\Orchard\ContentManagement\Drivers\ContentFieldDriver.cs:line 19
   at Orchard.ContentManagement.Drivers.Coordinators.ContentFieldDriverCoordinator.<>c__DisplayClass9.<BuildDisplay>b__8(IContentFieldDriver driver) in c:\Users\sebros\Desktop\1.3.10\src\Orchard\ContentManagement\Drivers\Coordinators\ContentFieldDriverCoordinator.cs:line 48
   at Orchard.InvokeExtensions.Invoke[TEvents](IEnumerable`1 events, Action`1 dispatch, ILogger logger) in c:\Users\sebros\Desktop\1.3.10\src\Orchard\InvokeExtensions.cs:line 19
2012-01-31 11:41:00,231 [38] Orchard.ContentManagement.Drivers.Coordinators.ContentFieldDriverCoordinator - RuntimeBinderException thrown from IContentFieldDriver by FormGenerator.Drivers.ValueGenericFieldDriver
Microsoft.CSharp.RuntimeBinder.RuntimeBinderException: Cannot implicitly convert type 'FormGenerator.Models.VisualAppearance.ViewContext' to 'System.Collections.Generic.IEnumerable<FormGenerator.Models.VisualAppearance.ViewContext>'. An explicit conversion exists (are you missing a cast?)
   at CallSite.Target(Closure , CallSite , Object )
   at System.Dynamic.UpdateDelegates.UpdateAndExecute1[T0,TRet](CallSite site, T0 arg0)
   at FormGenerator.Drivers.ValueGenericFieldDriver.Display(ContentPart part, ValueGenericField field, String displayType, Object shapeHelper)
   at System.Dynamic.UpdateDelegates.UpdateAndExecute5[T0,T1,T2,T3,T4,TRet](CallSite site, T0 arg0, T1 arg1, T2 arg2, T3 arg3, T4 arg4)
   at Orchard.ContentManagement.Drivers.ContentFieldDriver`1.<>c__DisplayClass7.<Orchard.ContentManagement.Drivers.IContentFieldDriver.BuildDisplayShape>b__6(ContentPart part, TField field) in c:\Users\sebros\Desktop\1.3.10\src\Orchard\ContentManagement\Drivers\ContentFieldDriver.cs:line 19
   at Orchard.ContentManagement.Drivers.ContentFieldDriver`1.<>c__DisplayClass2a.<Process>b__28(<>f__AnonymousType4`2 pf) in c:\Users\sebros\Desktop\1.3.10\src\Orchard\ContentManagement\Drivers\ContentFieldDriver.cs:line 56
   at System.Linq.Enumerable.WhereSelectEnumerableIterator`2.MoveNext()
   at System.Linq.Buffer`1..ctor(IEnumerable`1 source)
   at System.Linq.Enumerable.ToArray[TSource](IEnumerable`1 source)
   at Orchard.ContentManagement.Drivers.ContentFieldDriver`1.Process(ContentItem item, Func`3 effort) in c:\Users\sebros\Desktop\1.3.10\src\Orchard\ContentManagement\Drivers\ContentFieldDriver.cs:line 57
   at Orchard.ContentManagement.Drivers.ContentFieldDriver`1.Orchard.ContentManagement.Drivers.IContentFieldDriver.BuildDisplayShape(BuildDisplayContext context) in c:\Users\sebros\Desktop\1.3.10\src\Orchard\ContentManagement\Drivers\ContentFieldDriver.cs:line 19
   at Orchard.ContentManagement.Drivers.Coordinators.ContentFieldDriverCoordinator.<>c__DisplayClass9.<BuildDisplay>b__8(IContentFieldDriver driver) in c:\Users\sebros\Desktop\1.3.10\src\Orchard\ContentManagement\Drivers\Coordinators\ContentFieldDriverCoordinator.cs:line 48
   at Orchard.InvokeExtensions.Invoke[TEvents](IEnumerable`1 events, Action`1 dispatch, ILogger logger) in c:\Users\sebros\Desktop\1.3.10\src\Orchard\InvokeExtensions.cs:line 19
2012-01-31 16:39:46,651 [41] Orchard.ContentManagement.Drivers.Coordinators.ContentFieldDriverCoordinator - InvalidOperationException thrown from IContentFieldDriver by FormGenerator.Drivers.ValueGenericFieldDriver
System.InvalidOperationException: Sequence contains no matching element
   at System.Linq.Enumerable.Single[TSource](IEnumerable`1 source, Func`2 predicate)
   at FormGenerator.Services.Implementation.DisplayService.Display(Class dClass, Object shapeHelper, String propertyName)
   at System.Dynamic.UpdateDelegates.UpdateAndExecute4[T0,T1,T2,T3,TRet](CallSite site, T0 arg0, T1 arg1, T2 arg2, T3 arg3)
   at FormGenerator.Drivers.ValueGenericFieldDriver.Editor(ContentPart part, ValueGenericField field, Object shapeHelper)
   at System.Dynamic.UpdateDelegates.UpdateAndExecute4[T0,T1,T2,T3,TRet](CallSite site, T0 arg0, T1 arg1, T2 arg2, T3 arg3)
   at Orchard.ContentManagement.Drivers.ContentFieldDriver`1.<>c__DisplayClassd.<Orchard.ContentManagement.Drivers.IContentFieldDriver.BuildEditorShape>b__c(ContentPart part, TField field) in c:\Users\sebros\Desktop\1.3.10\src\Orchard\ContentManagement\Drivers\ContentFieldDriver.cs:line 23
   at Orchard.ContentManagement.Drivers.ContentFieldDriver`1.<>c__DisplayClass2a.<Process>b__28(<>f__AnonymousType4`2 pf) in c:\Users\sebros\Desktop\1.3.10\src\Orchard\ContentManagement\Drivers\ContentFieldDriver.cs:line 56
   at System.Linq.Enumerable.WhereSelectEnumerableIterator`2.MoveNext()
   at System.Linq.Buffer`1..ctor(IEnumerable`1 source)
   at System.Linq.Enumerable.ToArray[TSource](IEnumerable`1 source)
   at Orchard.ContentManagement.Drivers.ContentFieldDriver`1.Process(ContentItem item, Func`3 effort) in c:\Users\sebros\Desktop\1.3.10\src\Orchard\ContentManagement\Drivers\ContentFieldDriver.cs:line 57
   at Orchard.ContentManagement.Drivers.ContentFieldDriver`1.Orchard.ContentManagement.Drivers.IContentFieldDriver.BuildEditorShape(BuildEditorContext context) in c:\Users\sebros\Desktop\1.3.10\src\Orchard\ContentManagement\Drivers\ContentFieldDriver.cs:line 23
   at Orchard.ContentManagement.Drivers.Coordinators.ContentFieldDriverCoordinator.<>c__DisplayClassc.<BuildEditor>b__b(IContentFieldDriver driver) in c:\Users\sebros\Desktop\1.3.10\src\Orchard\ContentManagement\Drivers\Coordinators\ContentFieldDriverCoordinator.cs:line 56
   at Orchard.InvokeExtensions.Invoke[TEvents](IEnumerable`1 events, Action`1 dispatch, ILogger logger) in c:\Users\sebros\Desktop\1.3.10\src\Orchard\InvokeExtensions.cs:line 19
2012-01-31 16:41:33,296 [25] Orchard.ContentManagement.Drivers.Coordinators.ContentFieldDriverCoordinator - InvalidOperationException thrown from IContentFieldDriver by FormGenerator.Drivers.ValueGenericFieldDriver
System.InvalidOperationException: Sequence contains no matching element
   at System.Linq.Enumerable.Single[TSource](IEnumerable`1 source, Func`2 predicate)
   at FormGenerator.Services.Implementation.DisplayService.Display(Class dClass, Object shapeHelper, String propertyName)
   at System.Dynamic.UpdateDelegates.UpdateAndExecute4[T0,T1,T2,T3,TRet](CallSite site, T0 arg0, T1 arg1, T2 arg2, T3 arg3)
   at FormGenerator.Drivers.ValueGenericFieldDriver.Editor(ContentPart part, ValueGenericField field, Object shapeHelper)
   at System.Dynamic.UpdateDelegates.UpdateAndExecute4[T0,T1,T2,T3,TRet](CallSite site, T0 arg0, T1 arg1, T2 arg2, T3 arg3)
   at Orchard.ContentManagement.Drivers.ContentFieldDriver`1.<>c__DisplayClassd.<Orchard.ContentManagement.Drivers.IContentFieldDriver.BuildEditorShape>b__c(ContentPart part, TField field) in c:\Users\sebros\Desktop\1.3.10\src\Orchard\ContentManagement\Drivers\ContentFieldDriver.cs:line 23
   at Orchard.ContentManagement.Drivers.ContentFieldDriver`1.<>c__DisplayClass2a.<Process>b__28(<>f__AnonymousType4`2 pf) in c:\Users\sebros\Desktop\1.3.10\src\Orchard\ContentManagement\Drivers\ContentFieldDriver.cs:line 56
   at System.Linq.Enumerable.WhereSelectEnumerableIterator`2.MoveNext()
   at System.Linq.Buffer`1..ctor(IEnumerable`1 source)
   at System.Linq.Enumerable.ToArray[TSource](IEnumerable`1 source)
   at Orchard.ContentManagement.Drivers.ContentFieldDriver`1.Process(ContentItem item, Func`3 effort) in c:\Users\sebros\Desktop\1.3.10\src\Orchard\ContentManagement\Drivers\ContentFieldDriver.cs:line 57
   at Orchard.ContentManagement.Drivers.ContentFieldDriver`1.Orchard.ContentManagement.Drivers.IContentFieldDriver.BuildEditorShape(BuildEditorContext context) in c:\Users\sebros\Desktop\1.3.10\src\Orchard\ContentManagement\Drivers\ContentFieldDriver.cs:line 23
   at Orchard.ContentManagement.Drivers.Coordinators.ContentFieldDriverCoordinator.<>c__DisplayClassc.<BuildEditor>b__b(IContentFieldDriver driver) in c:\Users\sebros\Desktop\1.3.10\src\Orchard\ContentManagement\Drivers\Coordinators\ContentFieldDriverCoordinator.cs:line 56
   at Orchard.InvokeExtensions.Invoke[TEvents](IEnumerable`1 events, Action`1 dispatch, ILogger logger) in c:\Users\sebros\Desktop\1.3.10\src\Orchard\InvokeExtensions.cs:line 19
2012-01-31 16:51:53,094 [6] Orchard.ContentManagement.Drivers.Coordinators.ContentFieldDriverCoordinator - InvalidOperationException thrown from IContentFieldDriver by FormGenerator.Drivers.ValueGenericFieldDriver
System.InvalidOperationException: Sequence contains no matching element
   at System.Linq.Enumerable.Single[TSource](IEnumerable`1 source, Func`2 predicate)
   at FormGenerator.Services.Implementation.DisplayService.Display(Class dClass, Object shapeHelper, String propertyName)
   at System.Dynamic.UpdateDelegates.UpdateAndExecute4[T0,T1,T2,T3,TRet](CallSite site, T0 arg0, T1 arg1, T2 arg2, T3 arg3)
   at FormGenerator.Drivers.ValueGenericFieldDriver.Editor(ContentPart part, ValueGenericField field, Object shapeHelper)
   at System.Dynamic.UpdateDelegates.UpdateAndExecute4[T0,T1,T2,T3,TRet](CallSite site, T0 arg0, T1 arg1, T2 arg2, T3 arg3)
   at Orchard.ContentManagement.Drivers.ContentFieldDriver`1.<>c__DisplayClassd.<Orchard.ContentManagement.Drivers.IContentFieldDriver.BuildEditorShape>b__c(ContentPart part, TField field) in c:\Users\sebros\Desktop\1.3.10\src\Orchard\ContentManagement\Drivers\ContentFieldDriver.cs:line 23
   at Orchard.ContentManagement.Drivers.ContentFieldDriver`1.<>c__DisplayClass2a.<Process>b__28(<>f__AnonymousType4`2 pf) in c:\Users\sebros\Desktop\1.3.10\src\Orchard\ContentManagement\Drivers\ContentFieldDriver.cs:line 56
   at System.Linq.Enumerable.WhereSelectEnumerableIterator`2.MoveNext()
   at System.Linq.Buffer`1..ctor(IEnumerable`1 source)
   at System.Linq.Enumerable.ToArray[TSource](IEnumerable`1 source)
   at Orchard.ContentManagement.Drivers.ContentFieldDriver`1.Process(ContentItem item, Func`3 effort) in c:\Users\sebros\Desktop\1.3.10\src\Orchard\ContentManagement\Drivers\ContentFieldDriver.cs:line 57
   at Orchard.ContentManagement.Drivers.ContentFieldDriver`1.Orchard.ContentManagement.Drivers.IContentFieldDriver.BuildEditorShape(BuildEditorContext context) in c:\Users\sebros\Desktop\1.3.10\src\Orchard\ContentManagement\Drivers\ContentFieldDriver.cs:line 23
   at Orchard.ContentManagement.Drivers.Coordinators.ContentFieldDriverCoordinator.<>c__DisplayClassc.<BuildEditor>b__b(IContentFieldDriver driver) in c:\Users\sebros\Desktop\1.3.10\src\Orchard\ContentManagement\Drivers\Coordinators\ContentFieldDriverCoordinator.cs:line 56
   at Orchard.InvokeExtensions.Invoke[TEvents](IEnumerable`1 events, Action`1 dispatch, ILogger logger) in c:\Users\sebros\Desktop\1.3.10\src\Orchard\InvokeExtensions.cs:line 19
2012-01-31 17:11:16,353 [13] Orchard.ContentManagement.Drivers.Coordinators.ContentFieldDriverCoordinator - InvalidOperationException thrown from IContentFieldDriver by FormGenerator.Drivers.ValueGenericFieldDriver
System.InvalidOperationException: Sequence contains no matching element
   at System.Linq.Enumerable.Single[TSource](IEnumerable`1 source, Func`2 predicate)
   at FormGenerator.Services.Implementation.DisplayService.Display(Class dClass, Object shapeHelper, String propertyName)
   at System.Dynamic.UpdateDelegates.UpdateAndExecute4[T0,T1,T2,T3,TRet](CallSite site, T0 arg0, T1 arg1, T2 arg2, T3 arg3)
   at FormGenerator.Drivers.ValueGenericFieldDriver.Editor(ContentPart part, ValueGenericField field, Object shapeHelper)
   at System.Dynamic.UpdateDelegates.UpdateAndExecute4[T0,T1,T2,T3,TRet](CallSite site, T0 arg0, T1 arg1, T2 arg2, T3 arg3)
   at Orchard.ContentManagement.Drivers.ContentFieldDriver`1.<>c__DisplayClassd.<Orchard.ContentManagement.Drivers.IContentFieldDriver.BuildEditorShape>b__c(ContentPart part, TField field) in c:\Users\sebros\Desktop\1.3.10\src\Orchard\ContentManagement\Drivers\ContentFieldDriver.cs:line 23
   at Orchard.ContentManagement.Drivers.ContentFieldDriver`1.<>c__DisplayClass2a.<Process>b__28(<>f__AnonymousType4`2 pf) in c:\Users\sebros\Desktop\1.3.10\src\Orchard\ContentManagement\Drivers\ContentFieldDriver.cs:line 56
   at System.Linq.Enumerable.WhereSelectEnumerableIterator`2.MoveNext()
   at System.Linq.Buffer`1..ctor(IEnumerable`1 source)
   at System.Linq.Enumerable.ToArray[TSource](IEnumerable`1 source)
   at Orchard.ContentManagement.Drivers.ContentFieldDriver`1.Process(ContentItem item, Func`3 effort) in c:\Users\sebros\Desktop\1.3.10\src\Orchard\ContentManagement\Drivers\ContentFieldDriver.cs:line 57
   at Orchard.ContentManagement.Drivers.ContentFieldDriver`1.Orchard.ContentManagement.Drivers.IContentFieldDriver.BuildEditorShape(BuildEditorContext context) in c:\Users\sebros\Desktop\1.3.10\src\Orchard\ContentManagement\Drivers\ContentFieldDriver.cs:line 23
   at Orchard.ContentManagement.Drivers.Coordinators.ContentFieldDriverCoordinator.<>c__DisplayClassc.<BuildEditor>b__b(IContentFieldDriver driver) in c:\Users\sebros\Desktop\1.3.10\src\Orchard\ContentManagement\Drivers\Coordinators\ContentFieldDriverCoordinator.cs:line 56
   at Orchard.InvokeExtensions.Invoke[TEvents](IEnumerable`1 events, Action`1 dispatch, ILogger logger) in c:\Users\sebros\Desktop\1.3.10\src\Orchard\InvokeExtensions.cs:line 19
2012-01-31 17:11:25,395 [35] Orchard.ContentManagement.Drivers.Coordinators.ContentFieldDriverCoordinator - InvalidOperationException thrown from IContentFieldDriver by FormGenerator.Drivers.ValueGenericFieldDriver
System.InvalidOperationException: Sequence contains no matching element
   at System.Linq.Enumerable.Single[TSource](IEnumerable`1 source, Func`2 predicate)
   at FormGenerator.Services.Implementation.DisplayService.Display(Class dClass, Object shapeHelper, String propertyName)
   at FormGenerator.Drivers.ValueGenericFieldDriver.Editor(ContentPart part, ValueGenericField field, Object shapeHelper)
   at Orchard.ContentManagement.Drivers.ContentFieldDriver`1.<>c__DisplayClassd.<Orchard.ContentManagement.Drivers.IContentFieldDriver.BuildEditorShape>b__c(ContentPart part, TField field) in c:\Users\sebros\Desktop\1.3.10\src\Orchard\ContentManagement\Drivers\ContentFieldDriver.cs:line 23
   at Orchard.ContentManagement.Drivers.ContentFieldDriver`1.<>c__DisplayClass2a.<Process>b__28(<>f__AnonymousType4`2 pf) in c:\Users\sebros\Desktop\1.3.10\src\Orchard\ContentManagement\Drivers\ContentFieldDriver.cs:line 56
   at System.Linq.Enumerable.WhereSelectEnumerableIterator`2.MoveNext()
   at System.Linq.Buffer`1..ctor(IEnumerable`1 source)
   at System.Linq.Enumerable.ToArray[TSource](IEnumerable`1 source)
   at Orchard.ContentManagement.Drivers.ContentFieldDriver`1.Process(ContentItem item, Func`3 effort) in c:\Users\sebros\Desktop\1.3.10\src\Orchard\ContentManagement\Drivers\ContentFieldDriver.cs:line 57
   at Orchard.ContentManagement.Drivers.ContentFieldDriver`1.Orchard.ContentManagement.Drivers.IContentFieldDriver.BuildEditorShape(BuildEditorContext context) in c:\Users\sebros\Desktop\1.3.10\src\Orchard\ContentManagement\Drivers\ContentFieldDriver.cs:line 23
   at Orchard.ContentManagement.Drivers.Coordinators.ContentFieldDriverCoordinator.<>c__DisplayClassc.<BuildEditor>b__b(IContentFieldDriver driver) in c:\Users\sebros\Desktop\1.3.10\src\Orchard\ContentManagement\Drivers\Coordinators\ContentFieldDriverCoordinator.cs:line 56
   at Orchard.InvokeExtensions.Invoke[TEvents](IEnumerable`1 events, Action`1 dispatch, ILogger logger) in c:\Users\sebros\Desktop\1.3.10\src\Orchard\InvokeExtensions.cs:line 19
2012-01-31 17:11:27,791 [14] Orchard.ContentManagement.Drivers.Coordinators.ContentFieldDriverCoordinator - InvalidOperationException thrown from IContentFieldDriver by FormGenerator.Drivers.ValueGenericFieldDriver
System.InvalidOperationException: Sequence contains no matching element
   at System.Linq.Enumerable.Single[TSource](IEnumerable`1 source, Func`2 predicate)
   at FormGenerator.Services.Implementation.DisplayService.Display(Class dClass, Object shapeHelper, String propertyName)
   at FormGenerator.Drivers.ValueGenericFieldDriver.Editor(ContentPart part, ValueGenericField field, Object shapeHelper)
   at Orchard.ContentManagement.Drivers.ContentFieldDriver`1.<>c__DisplayClassd.<Orchard.ContentManagement.Drivers.IContentFieldDriver.BuildEditorShape>b__c(ContentPart part, TField field) in c:\Users\sebros\Desktop\1.3.10\src\Orchard\ContentManagement\Drivers\ContentFieldDriver.cs:line 23
   at Orchard.ContentManagement.Drivers.ContentFieldDriver`1.<>c__DisplayClass2a.<Process>b__28(<>f__AnonymousType4`2 pf) in c:\Users\sebros\Desktop\1.3.10\src\Orchard\ContentManagement\Drivers\ContentFieldDriver.cs:line 56
   at System.Linq.Enumerable.WhereSelectEnumerableIterator`2.MoveNext()
   at System.Linq.Buffer`1..ctor(IEnumerable`1 source)
   at System.Linq.Enumerable.ToArray[TSource](IEnumerable`1 source)
   at Orchard.ContentManagement.Drivers.ContentFieldDriver`1.Process(ContentItem item, Func`3 effort) in c:\Users\sebros\Desktop\1.3.10\src\Orchard\ContentManagement\Drivers\ContentFieldDriver.cs:line 57
   at Orchard.ContentManagement.Drivers.ContentFieldDriver`1.Orchard.ContentManagement.Drivers.IContentFieldDriver.BuildEditorShape(BuildEditorContext context) in c:\Users\sebros\Desktop\1.3.10\src\Orchard\ContentManagement\Drivers\ContentFieldDriver.cs:line 23
   at Orchard.ContentManagement.Drivers.Coordinators.ContentFieldDriverCoordinator.<>c__DisplayClassc.<BuildEditor>b__b(IContentFieldDriver driver) in c:\Users\sebros\Desktop\1.3.10\src\Orchard\ContentManagement\Drivers\Coordinators\ContentFieldDriverCoordinator.cs:line 56
   at Orchard.InvokeExtensions.Invoke[TEvents](IEnumerable`1 events, Action`1 dispatch, ILogger logger) in c:\Users\sebros\Desktop\1.3.10\src\Orchard\InvokeExtensions.cs:line 19
2012-01-31 17:23:32,342 [19] Orchard.ContentManagement.Drivers.Coordinators.ContentFieldDriverCoordinator - InvalidOperationException thrown from IContentFieldDriver by FormGenerator.Drivers.ValueGenericFieldDriver
System.InvalidOperationException: Sequence contains no matching element
   at System.Linq.Enumerable.Single[TSource](IEnumerable`1 source, Func`2 predicate)
   at FormGenerator.Services.Implementation.DisplayService.Display(Class dClass, Object shapeHelper, String propertyName)
   at System.Dynamic.UpdateDelegates.UpdateAndExecute4[T0,T1,T2,T3,TRet](CallSite site, T0 arg0, T1 arg1, T2 arg2, T3 arg3)
   at FormGenerator.Drivers.ValueGenericFieldDriver.Editor(ContentPart part, ValueGenericField field, Object shapeHelper)
   at System.Dynamic.UpdateDelegates.UpdateAndExecute4[T0,T1,T2,T3,TRet](CallSite site, T0 arg0, T1 arg1, T2 arg2, T3 arg3)
   at Orchard.ContentManagement.Drivers.ContentFieldDriver`1.<>c__DisplayClassd.<Orchard.ContentManagement.Drivers.IContentFieldDriver.BuildEditorShape>b__c(ContentPart part, TField field) in c:\Users\sebros\Desktop\1.3.10\src\Orchard\ContentManagement\Drivers\ContentFieldDriver.cs:line 23
   at Orchard.ContentManagement.Drivers.ContentFieldDriver`1.<>c__DisplayClass2a.<Process>b__28(<>f__AnonymousType4`2 pf) in c:\Users\sebros\Desktop\1.3.10\src\Orchard\ContentManagement\Drivers\ContentFieldDriver.cs:line 56
   at System.Linq.Enumerable.WhereSelectEnumerableIterator`2.MoveNext()
   at System.Linq.Buffer`1..ctor(IEnumerable`1 source)
   at System.Linq.Enumerable.ToArray[TSource](IEnumerable`1 source)
   at Orchard.ContentManagement.Drivers.ContentFieldDriver`1.Process(ContentItem item, Func`3 effort) in c:\Users\sebros\Desktop\1.3.10\src\Orchard\ContentManagement\Drivers\ContentFieldDriver.cs:line 57
   at Orchard.ContentManagement.Drivers.ContentFieldDriver`1.Orchard.ContentManagement.Drivers.IContentFieldDriver.BuildEditorShape(BuildEditorContext context) in c:\Users\sebros\Desktop\1.3.10\src\Orchard\ContentManagement\Drivers\ContentFieldDriver.cs:line 23
   at Orchard.ContentManagement.Drivers.Coordinators.ContentFieldDriverCoordinator.<>c__DisplayClassc.<BuildEditor>b__b(IContentFieldDriver driver) in c:\Users\sebros\Desktop\1.3.10\src\Orchard\ContentManagement\Drivers\Coordinators\ContentFieldDriverCoordinator.cs:line 56
   at Orchard.InvokeExtensions.Invoke[TEvents](IEnumerable`1 events, Action`1 dispatch, ILogger logger) in c:\Users\sebros\Desktop\1.3.10\src\Orchard\InvokeExtensions.cs:line 19
2012-01-31 17:26:36,790 [41] Orchard.ContentManagement.Drivers.Coordinators.ContentFieldDriverCoordinator - InvalidOperationException thrown from IContentFieldDriver by FormGenerator.Drivers.ValueGenericFieldDriver
System.InvalidOperationException: Sequence contains no matching element
   at System.Linq.Enumerable.Single[TSource](IEnumerable`1 source, Func`2 predicate)
   at FormGenerator.Services.Implementation.DisplayService.Display(Class dClass, Object shapeHelper, String propertyName)
   at System.Dynamic.UpdateDelegates.UpdateAndExecute4[T0,T1,T2,T3,TRet](CallSite site, T0 arg0, T1 arg1, T2 arg2, T3 arg3)
   at FormGenerator.Drivers.ValueGenericFieldDriver.Editor(ContentPart part, ValueGenericField field, Object shapeHelper)
   at System.Dynamic.UpdateDelegates.UpdateAndExecute4[T0,T1,T2,T3,TRet](CallSite site, T0 arg0, T1 arg1, T2 arg2, T3 arg3)
   at Orchard.ContentManagement.Drivers.ContentFieldDriver`1.<>c__DisplayClassd.<Orchard.ContentManagement.Drivers.IContentFieldDriver.BuildEditorShape>b__c(ContentPart part, TField field) in c:\Users\sebros\Desktop\1.3.10\src\Orchard\ContentManagement\Drivers\ContentFieldDriver.cs:line 23
   at Orchard.ContentManagement.Drivers.ContentFieldDriver`1.<>c__DisplayClass2a.<Process>b__28(<>f__AnonymousType4`2 pf) in c:\Users\sebros\Desktop\1.3.10\src\Orchard\ContentManagement\Drivers\ContentFieldDriver.cs:line 56
   at System.Linq.Enumerable.WhereSelectEnumerableIterator`2.MoveNext()
   at System.Linq.Buffer`1..ctor(IEnumerable`1 source)
   at System.Linq.Enumerable.ToArray[TSource](IEnumerable`1 source)
   at Orchard.ContentManagement.Drivers.ContentFieldDriver`1.Process(ContentItem item, Func`3 effort) in c:\Users\sebros\Desktop\1.3.10\src\Orchard\ContentManagement\Drivers\ContentFieldDriver.cs:line 57
   at Orchard.ContentManagement.Drivers.ContentFieldDriver`1.Orchard.ContentManagement.Drivers.IContentFieldDriver.BuildEditorShape(BuildEditorContext context) in c:\Users\sebros\Desktop\1.3.10\src\Orchard\ContentManagement\Drivers\ContentFieldDriver.cs:line 23
   at Orchard.ContentManagement.Drivers.Coordinators.ContentFieldDriverCoordinator.<>c__DisplayClassc.<BuildEditor>b__b(IContentFieldDriver driver) in c:\Users\sebros\Desktop\1.3.10\src\Orchard\ContentManagement\Drivers\Coordinators\ContentFieldDriverCoordinator.cs:line 56
   at Orchard.InvokeExtensions.Invoke[TEvents](IEnumerable`1 events, Action`1 dispatch, ILogger logger) in c:\Users\sebros\Desktop\1.3.10\src\Orchard\InvokeExtensions.cs:line 19
2012-01-31 17:35:50,066 [31] Orchard.ContentManagement.Drivers.Coordinators.ContentFieldDriverCoordinator - InvalidOperationException thrown from IContentFieldDriver by FormGenerator.Drivers.ValueGenericFieldDriver
System.InvalidOperationException: Sequence contains no matching element
   at System.Linq.Enumerable.Single[TSource](IEnumerable`1 source, Func`2 predicate)
   at FormGenerator.Services.Implementation.DisplayService.Display(Class dClass, Object shapeHelper, String propertyName)
   at System.Dynamic.UpdateDelegates.UpdateAndExecute4[T0,T1,T2,T3,TRet](CallSite site, T0 arg0, T1 arg1, T2 arg2, T3 arg3)
   at FormGenerator.Drivers.ValueGenericFieldDriver.Editor(ContentPart part, ValueGenericField field, Object shapeHelper)
   at System.Dynamic.UpdateDelegates.UpdateAndExecute4[T0,T1,T2,T3,TRet](CallSite site, T0 arg0, T1 arg1, T2 arg2, T3 arg3)
   at Orchard.ContentManagement.Drivers.ContentFieldDriver`1.<>c__DisplayClassd.<Orchard.ContentManagement.Drivers.IContentFieldDriver.BuildEditorShape>b__c(ContentPart part, TField field) in c:\Users\sebros\Desktop\1.3.10\src\Orchard\ContentManagement\Drivers\ContentFieldDriver.cs:line 23
   at Orchard.ContentManagement.Drivers.ContentFieldDriver`1.<>c__DisplayClass2a.<Process>b__28(<>f__AnonymousType4`2 pf) in c:\Users\sebros\Desktop\1.3.10\src\Orchard\ContentManagement\Drivers\ContentFieldDriver.cs:line 56
   at System.Linq.Enumerable.WhereSelectEnumerableIterator`2.MoveNext()
   at System.Linq.Buffer`1..ctor(IEnumerable`1 source)
   at System.Linq.Enumerable.ToArray[TSource](IEnumerable`1 source)
   at Orchard.ContentManagement.Drivers.ContentFieldDriver`1.Process(ContentItem item, Func`3 effort) in c:\Users\sebros\Desktop\1.3.10\src\Orchard\ContentManagement\Drivers\ContentFieldDriver.cs:line 57
   at Orchard.ContentManagement.Drivers.ContentFieldDriver`1.Orchard.ContentManagement.Drivers.IContentFieldDriver.BuildEditorShape(BuildEditorContext context) in c:\Users\sebros\Desktop\1.3.10\src\Orchard\ContentManagement\Drivers\ContentFieldDriver.cs:line 23
   at Orchard.ContentManagement.Drivers.Coordinators.ContentFieldDriverCoordinator.<>c__DisplayClassc.<BuildEditor>b__b(IContentFieldDriver driver) in c:\Users\sebros\Desktop\1.3.10\src\Orchard\ContentManagement\Drivers\Coordinators\ContentFieldDriverCoordinator.cs:line 56
   at Orchard.InvokeExtensions.Invoke[TEvents](IEnumerable`1 events, Action`1 dispatch, ILogger logger) in c:\Users\sebros\Desktop\1.3.10\src\Orchard\InvokeExtensions.cs:line 19
2012-01-31 17:36:24,908 [32] Orchard.ContentManagement.Drivers.Coordinators.ContentFieldDriverCoordinator - InvalidOperationException thrown from IContentFieldDriver by FormGenerator.Drivers.ValueGenericFieldDriver
System.InvalidOperationException: Sequence contains no matching element
   at System.Linq.Enumerable.Single[TSource](IEnumerable`1 source, Func`2 predicate)
   at FormGenerator.Services.Implementation.DisplayService.Display(Class dClass, Object shapeHelper, String propertyName)
   at FormGenerator.Drivers.ValueGenericFieldDriver.Editor(ContentPart part, ValueGenericField field, Object shapeHelper)
   at Orchard.ContentManagement.Drivers.ContentFieldDriver`1.<>c__DisplayClassd.<Orchard.ContentManagement.Drivers.IContentFieldDriver.BuildEditorShape>b__c(ContentPart part, TField field) in c:\Users\sebros\Desktop\1.3.10\src\Orchard\ContentManagement\Drivers\ContentFieldDriver.cs:line 23
   at Orchard.ContentManagement.Drivers.ContentFieldDriver`1.<>c__DisplayClass2a.<Process>b__28(<>f__AnonymousType4`2 pf) in c:\Users\sebros\Desktop\1.3.10\src\Orchard\ContentManagement\Drivers\ContentFieldDriver.cs:line 56
   at System.Linq.Enumerable.WhereSelectEnumerableIterator`2.MoveNext()
   at System.Linq.Buffer`1..ctor(IEnumerable`1 source)
   at System.Linq.Enumerable.ToArray[TSource](IEnumerable`1 source)
   at Orchard.ContentManagement.Drivers.ContentFieldDriver`1.Process(ContentItem item, Func`3 effort) in c:\Users\sebros\Desktop\1.3.10\src\Orchard\ContentManagement\Drivers\ContentFieldDriver.cs:line 57
   at Orchard.ContentManagement.Drivers.ContentFieldDriver`1.Orchard.ContentManagement.Drivers.IContentFieldDriver.BuildEditorShape(BuildEditorContext context) in c:\Users\sebros\Desktop\1.3.10\src\Orchard\ContentManagement\Drivers\ContentFieldDriver.cs:line 23
   at Orchard.ContentManagement.Drivers.Coordinators.ContentFieldDriverCoordinator.<>c__DisplayClassc.<BuildEditor>b__b(IContentFieldDriver driver) in c:\Users\sebros\Desktop\1.3.10\src\Orchard\ContentManagement\Drivers\Coordinators\ContentFieldDriverCoordinator.cs:line 56
   at Orchard.InvokeExtensions.Invoke[TEvents](IEnumerable`1 events, Action`1 dispatch, ILogger logger) in c:\Users\sebros\Desktop\1.3.10\src\Orchard\InvokeExtensions.cs:line 19
2012-01-31 17:36:53,892 [10] Orchard.ContentManagement.Drivers.Coordinators.ContentFieldDriverCoordinator - InvalidOperationException thrown from IContentFieldDriver by FormGenerator.Drivers.ValueGenericFieldDriver
System.InvalidOperationException: Sequence contains no matching element
   at System.Linq.Enumerable.Single[TSource](IEnumerable`1 source, Func`2 predicate)
   at FormGenerator.Services.Implementation.DisplayService.Display(Class dClass, Object shapeHelper, String propertyName)
   at FormGenerator.Drivers.ValueGenericFieldDriver.Editor(ContentPart part, ValueGenericField field, Object shapeHelper)
   at Orchard.ContentManagement.Drivers.ContentFieldDriver`1.<>c__DisplayClassd.<Orchard.ContentManagement.Drivers.IContentFieldDriver.BuildEditorShape>b__c(ContentPart part, TField field) in c:\Users\sebros\Desktop\1.3.10\src\Orchard\ContentManagement\Drivers\ContentFieldDriver.cs:line 23
   at Orchard.ContentManagement.Drivers.ContentFieldDriver`1.<>c__DisplayClass2a.<Process>b__28(<>f__AnonymousType4`2 pf) in c:\Users\sebros\Desktop\1.3.10\src\Orchard\ContentManagement\Drivers\ContentFieldDriver.cs:line 56
   at System.Linq.Enumerable.WhereSelectEnumerableIterator`2.MoveNext()
   at System.Linq.Buffer`1..ctor(IEnumerable`1 source)
   at System.Linq.Enumerable.ToArray[TSource](IEnumerable`1 source)
   at Orchard.ContentManagement.Drivers.ContentFieldDriver`1.Process(ContentItem item, Func`3 effort) in c:\Users\sebros\Desktop\1.3.10\src\Orchard\ContentManagement\Drivers\ContentFieldDriver.cs:line 57
   at Orchard.ContentManagement.Drivers.ContentFieldDriver`1.Orchard.ContentManagement.Drivers.IContentFieldDriver.BuildEditorShape(BuildEditorContext context) in c:\Users\sebros\Desktop\1.3.10\src\Orchard\ContentManagement\Drivers\ContentFieldDriver.cs:line 23
   at Orchard.ContentManagement.Drivers.Coordinators.ContentFieldDriverCoordinator.<>c__DisplayClassc.<BuildEditor>b__b(IContentFieldDriver driver) in c:\Users\sebros\Desktop\1.3.10\src\Orchard\ContentManagement\Drivers\Coordinators\ContentFieldDriverCoordinator.cs:line 56
   at Orchard.InvokeExtensions.Invoke[TEvents](IEnumerable`1 events, Action`1 dispatch, ILogger logger) in c:\Users\sebros\Desktop\1.3.10\src\Orchard\InvokeExtensions.cs:line 19
2012-01-31 17:42:35,563 [15] Orchard.ContentManagement.Drivers.Coordinators.ContentFieldDriverCoordinator - InvalidOperationException thrown from IContentFieldDriver by FormGenerator.Drivers.ValueGenericFieldDriver
System.InvalidOperationException: Sequence contains no matching element
   at System.Linq.Enumerable.Single[TSource](IEnumerable`1 source, Func`2 predicate)
   at FormGenerator.Services.Implementation.DisplayService.Display(Class dClass, Object shapeHelper, String propertyName)
   at System.Dynamic.UpdateDelegates.UpdateAndExecute4[T0,T1,T2,T3,TRet](CallSite site, T0 arg0, T1 arg1, T2 arg2, T3 arg3)
   at FormGenerator.Drivers.ValueGenericFieldDriver.Editor(ContentPart part, ValueGenericField field, Object shapeHelper)
   at System.Dynamic.UpdateDelegates.UpdateAndExecute4[T0,T1,T2,T3,TRet](CallSite site, T0 arg0, T1 arg1, T2 arg2, T3 arg3)
   at Orchard.ContentManagement.Drivers.ContentFieldDriver`1.<>c__DisplayClassd.<Orchard.ContentManagement.Drivers.IContentFieldDriver.BuildEditorShape>b__c(ContentPart part, TField field) in c:\Users\sebros\Desktop\1.3.10\src\Orchard\ContentManagement\Drivers\ContentFieldDriver.cs:line 23
   at Orchard.ContentManagement.Drivers.ContentFieldDriver`1.<>c__DisplayClass2a.<Process>b__28(<>f__AnonymousType4`2 pf) in c:\Users\sebros\Desktop\1.3.10\src\Orchard\ContentManagement\Drivers\ContentFieldDriver.cs:line 56
   at System.Linq.Enumerable.WhereSelectEnumerableIterator`2.MoveNext()
   at System.Linq.Buffer`1..ctor(IEnumerable`1 source)
   at System.Linq.Enumerable.ToArray[TSource](IEnumerable`1 source)
   at Orchard.ContentManagement.Drivers.ContentFieldDriver`1.Process(ContentItem item, Func`3 effort) in c:\Users\sebros\Desktop\1.3.10\src\Orchard\ContentManagement\Drivers\ContentFieldDriver.cs:line 57
   at Orchard.ContentManagement.Drivers.ContentFieldDriver`1.Orchard.ContentManagement.Drivers.IContentFieldDriver.BuildEditorShape(BuildEditorContext context) in c:\Users\sebros\Desktop\1.3.10\src\Orchard\ContentManagement\Drivers\ContentFieldDriver.cs:line 23
   at Orchard.ContentManagement.Drivers.Coordinators.ContentFieldDriverCoordinator.<>c__DisplayClassc.<BuildEditor>b__b(IContentFieldDriver driver) in c:\Users\sebros\Desktop\1.3.10\src\Orchard\ContentManagement\Drivers\Coordinators\ContentFieldDriverCoordinator.cs:line 56
   at Orchard.InvokeExtensions.Invoke[TEvents](IEnumerable`1 events, Action`1 dispatch, ILogger logger) in c:\Users\sebros\Desktop\1.3.10\src\Orchard\InvokeExtensions.cs:line 19
2012-01-31 17:48:34,909 [23] Orchard.ContentManagement.Drivers.Coordinators.ContentFieldDriverCoordinator - InvalidOperationException thrown from IContentFieldDriver by FormGenerator.Drivers.ValueGenericFieldDriver
System.InvalidOperationException: Sequence contains no matching element
   at System.Linq.Enumerable.Single[TSource](IEnumerable`1 source, Func`2 predicate)
   at FormGenerator.Services.Implementation.DisplayService.Display(Class dClass, Object shapeHelper, String propertyName)
   at System.Dynamic.UpdateDelegates.UpdateAndExecute4[T0,T1,T2,T3,TRet](CallSite site, T0 arg0, T1 arg1, T2 arg2, T3 arg3)
   at FormGenerator.Drivers.ValueGenericFieldDriver.Editor(ContentPart part, ValueGenericField field, Object shapeHelper)
   at System.Dynamic.UpdateDelegates.UpdateAndExecute4[T0,T1,T2,T3,TRet](CallSite site, T0 arg0, T1 arg1, T2 arg2, T3 arg3)
   at Orchard.ContentManagement.Drivers.ContentFieldDriver`1.<>c__DisplayClassd.<Orchard.ContentManagement.Drivers.IContentFieldDriver.BuildEditorShape>b__c(ContentPart part, TField field) in c:\Users\sebros\Desktop\1.3.10\src\Orchard\ContentManagement\Drivers\ContentFieldDriver.cs:line 23
   at Orchard.ContentManagement.Drivers.ContentFieldDriver`1.<>c__DisplayClass2a.<Process>b__28(<>f__AnonymousType4`2 pf) in c:\Users\sebros\Desktop\1.3.10\src\Orchard\ContentManagement\Drivers\ContentFieldDriver.cs:line 56
   at System.Linq.Enumerable.WhereSelectEnumerableIterator`2.MoveNext()
   at System.Linq.Buffer`1..ctor(IEnumerable`1 source)
   at System.Linq.Enumerable.ToArray[TSource](IEnumerable`1 source)
   at Orchard.ContentManagement.Drivers.ContentFieldDriver`1.Process(ContentItem item, Func`3 effort) in c:\Users\sebros\Desktop\1.3.10\src\Orchard\ContentManagement\Drivers\ContentFieldDriver.cs:line 57
   at Orchard.ContentManagement.Drivers.ContentFieldDriver`1.Orchard.ContentManagement.Drivers.IContentFieldDriver.BuildEditorShape(BuildEditorContext context) in c:\Users\sebros\Desktop\1.3.10\src\Orchard\ContentManagement\Drivers\ContentFieldDriver.cs:line 23
   at Orchard.ContentManagement.Drivers.Coordinators.ContentFieldDriverCoordinator.<>c__DisplayClassc.<BuildEditor>b__b(IContentFieldDriver driver) in c:\Users\sebros\Desktop\1.3.10\src\Orchard\ContentManagement\Drivers\Coordinators\ContentFieldDriverCoordinator.cs:line 56
   at Orchard.InvokeExtensions.Invoke[TEvents](IEnumerable`1 events, Action`1 dispatch, ILogger logger) in c:\Users\sebros\Desktop\1.3.10\src\Orchard\InvokeExtensions.cs:line 19
2012-01-31 17:48:40,389 [23] Orchard.ContentManagement.Drivers.Coordinators.ContentFieldDriverCoordinator - InvalidOperationException thrown from IContentFieldDriver by FormGenerator.Drivers.ValueGenericFieldDriver
System.InvalidOperationException: Sequence contains no matching element
   at System.Linq.Enumerable.Single[TSource](IEnumerable`1 source, Func`2 predicate)
   at FormGenerator.Services.Implementation.DisplayService.Display(Class dClass, Object shapeHelper, String propertyName)
   at FormGenerator.Drivers.ValueGenericFieldDriver.Editor(ContentPart part, ValueGenericField field, Object shapeHelper)
   at Orchard.ContentManagement.Drivers.ContentFieldDriver`1.<>c__DisplayClassd.<Orchard.ContentManagement.Drivers.IContentFieldDriver.BuildEditorShape>b__c(ContentPart part, TField field) in c:\Users\sebros\Desktop\1.3.10\src\Orchard\ContentManagement\Drivers\ContentFieldDriver.cs:line 23
   at Orchard.ContentManagement.Drivers.ContentFieldDriver`1.<>c__DisplayClass2a.<Process>b__28(<>f__AnonymousType4`2 pf) in c:\Users\sebros\Desktop\1.3.10\src\Orchard\ContentManagement\Drivers\ContentFieldDriver.cs:line 56
   at System.Linq.Enumerable.WhereSelectEnumerableIterator`2.MoveNext()
   at System.Linq.Buffer`1..ctor(IEnumerable`1 source)
   at System.Linq.Enumerable.ToArray[TSource](IEnumerable`1 source)
   at Orchard.ContentManagement.Drivers.ContentFieldDriver`1.Process(ContentItem item, Func`3 effort) in c:\Users\sebros\Desktop\1.3.10\src\Orchard\ContentManagement\Drivers\ContentFieldDriver.cs:line 57
   at Orchard.ContentManagement.Drivers.ContentFieldDriver`1.Orchard.ContentManagement.Drivers.IContentFieldDriver.BuildEditorShape(BuildEditorContext context) in c:\Users\sebros\Desktop\1.3.10\src\Orchard\ContentManagement\Drivers\ContentFieldDriver.cs:line 23
   at Orchard.ContentManagement.Drivers.Coordinators.ContentFieldDriverCoordinator.<>c__DisplayClassc.<BuildEditor>b__b(IContentFieldDriver driver) in c:\Users\sebros\Desktop\1.3.10\src\Orchard\ContentManagement\Drivers\Coordinators\ContentFieldDriverCoordinator.cs:line 56
   at Orchard.InvokeExtensions.Invoke[TEvents](IEnumerable`1 events, Action`1 dispatch, ILogger logger) in c:\Users\sebros\Desktop\1.3.10\src\Orchard\InvokeExtensions.cs:line 19
2012-01-31 17:51:08,678 [12] Orchard.ContentManagement.Drivers.Coordinators.ContentFieldDriverCoordinator - InvalidOperationException thrown from IContentFieldDriver by FormGenerator.Drivers.ValueGenericFieldDriver
System.InvalidOperationException: Sequence contains no matching element
   at System.Linq.Enumerable.Single[TSource](IEnumerable`1 source, Func`2 predicate)
   at FormGenerator.Services.Implementation.DisplayService.Display(Class dClass, Object shapeHelper, String propertyName)
   at System.Dynamic.UpdateDelegates.UpdateAndExecute4[T0,T1,T2,T3,TRet](CallSite site, T0 arg0, T1 arg1, T2 arg2, T3 arg3)
   at FormGenerator.Drivers.ValueGenericFieldDriver.Editor(ContentPart part, ValueGenericField field, Object shapeHelper)
   at System.Dynamic.UpdateDelegates.UpdateAndExecute4[T0,T1,T2,T3,TRet](CallSite site, T0 arg0, T1 arg1, T2 arg2, T3 arg3)
   at Orchard.ContentManagement.Drivers.ContentFieldDriver`1.<>c__DisplayClassd.<Orchard.ContentManagement.Drivers.IContentFieldDriver.BuildEditorShape>b__c(ContentPart part, TField field) in c:\Users\sebros\Desktop\1.3.10\src\Orchard\ContentManagement\Drivers\ContentFieldDriver.cs:line 23
   at Orchard.ContentManagement.Drivers.ContentFieldDriver`1.<>c__DisplayClass2a.<Process>b__28(<>f__AnonymousType4`2 pf) in c:\Users\sebros\Desktop\1.3.10\src\Orchard\ContentManagement\Drivers\ContentFieldDriver.cs:line 56
   at System.Linq.Enumerable.WhereSelectEnumerableIterator`2.MoveNext()
   at System.Linq.Buffer`1..ctor(IEnumerable`1 source)
   at System.Linq.Enumerable.ToArray[TSource](IEnumerable`1 source)
   at Orchard.ContentManagement.Drivers.ContentFieldDriver`1.Process(ContentItem item, Func`3 effort) in c:\Users\sebros\Desktop\1.3.10\src\Orchard\ContentManagement\Drivers\ContentFieldDriver.cs:line 57
   at Orchard.ContentManagement.Drivers.ContentFieldDriver`1.Orchard.ContentManagement.Drivers.IContentFieldDriver.BuildEditorShape(BuildEditorContext context) in c:\Users\sebros\Desktop\1.3.10\src\Orchard\ContentManagement\Drivers\ContentFieldDriver.cs:line 23
   at Orchard.ContentManagement.Drivers.Coordinators.ContentFieldDriverCoordinator.<>c__DisplayClassc.<BuildEditor>b__b(IContentFieldDriver driver) in c:\Users\sebros\Desktop\1.3.10\src\Orchard\ContentManagement\Drivers\Coordinators\ContentFieldDriverCoordinator.cs:line 56
   at Orchard.InvokeExtensions.Invoke[TEvents](IEnumerable`1 events, Action`1 dispatch, ILogger logger) in c:\Users\sebros\Desktop\1.3.10\src\Orchard\InvokeExtensions.cs:line 19
2012-01-31 17:51:14,488 [12] Orchard.ContentManagement.Drivers.Coordinators.ContentFieldDriverCoordinator - InvalidOperationException thrown from IContentFieldDriver by FormGenerator.Drivers.ValueGenericFieldDriver
System.InvalidOperationException: Sequence contains no matching element
   at System.Linq.Enumerable.Single[TSource](IEnumerable`1 source, Func`2 predicate)
   at FormGenerator.Services.Implementation.DisplayService.Display(Class dClass, Object shapeHelper, String propertyName)
   at FormGenerator.Drivers.ValueGenericFieldDriver.Editor(ContentPart part, ValueGenericField field, Object shapeHelper)
   at Orchard.ContentManagement.Drivers.ContentFieldDriver`1.<>c__DisplayClassd.<Orchard.ContentManagement.Drivers.IContentFieldDriver.BuildEditorShape>b__c(ContentPart part, TField field) in c:\Users\sebros\Desktop\1.3.10\src\Orchard\ContentManagement\Drivers\ContentFieldDriver.cs:line 23
   at Orchard.ContentManagement.Drivers.ContentFieldDriver`1.<>c__DisplayClass2a.<Process>b__28(<>f__AnonymousType4`2 pf) in c:\Users\sebros\Desktop\1.3.10\src\Orchard\ContentManagement\Drivers\ContentFieldDriver.cs:line 56
   at System.Linq.Enumerable.WhereSelectEnumerableIterator`2.MoveNext()
   at System.Linq.Buffer`1..ctor(IEnumerable`1 source)
   at System.Linq.Enumerable.ToArray[TSource](IEnumerable`1 source)
   at Orchard.ContentManagement.Drivers.ContentFieldDriver`1.Process(ContentItem item, Func`3 effort) in c:\Users\sebros\Desktop\1.3.10\src\Orchard\ContentManagement\Drivers\ContentFieldDriver.cs:line 57
   at Orchard.ContentManagement.Drivers.ContentFieldDriver`1.Orchard.ContentManagement.Drivers.IContentFieldDriver.BuildEditorShape(BuildEditorContext context) in c:\Users\sebros\Desktop\1.3.10\src\Orchard\ContentManagement\Drivers\ContentFieldDriver.cs:line 23
   at Orchard.ContentManagement.Drivers.Coordinators.ContentFieldDriverCoordinator.<>c__DisplayClassc.<BuildEditor>b__b(IContentFieldDriver driver) in c:\Users\sebros\Desktop\1.3.10\src\Orchard\ContentManagement\Drivers\Coordinators\ContentFieldDriverCoordinator.cs:line 56
   at Orchard.InvokeExtensions.Invoke[TEvents](IEnumerable`1 events, Action`1 dispatch, ILogger logger) in c:\Users\sebros\Desktop\1.3.10\src\Orchard\InvokeExtensions.cs:line 19
2012-01-31 17:57:05,395 [20] Orchard.ContentManagement.Drivers.Coordinators.ContentFieldDriverCoordinator - InvalidOperationException thrown from IContentFieldDriver by FormGenerator.Drivers.ValueGenericFieldDriver
System.InvalidOperationException: Sequence contains no matching element
   at System.Linq.Enumerable.Single[TSource](IEnumerable`1 source, Func`2 predicate)
   at FormGenerator.Services.Implementation.DisplayService.Display(Class dClass, Object shapeHelper, String propertyName)
   at System.Dynamic.UpdateDelegates.UpdateAndExecute4[T0,T1,T2,T3,TRet](CallSite site, T0 arg0, T1 arg1, T2 arg2, T3 arg3)
   at FormGenerator.Drivers.ValueGenericFieldDriver.Editor(ContentPart part, ValueGenericField field, Object shapeHelper)
   at System.Dynamic.UpdateDelegates.UpdateAndExecute4[T0,T1,T2,T3,TRet](CallSite site, T0 arg0, T1 arg1, T2 arg2, T3 arg3)
   at Orchard.ContentManagement.Drivers.ContentFieldDriver`1.<>c__DisplayClassd.<Orchard.ContentManagement.Drivers.IContentFieldDriver.BuildEditorShape>b__c(ContentPart part, TField field) in c:\Users\sebros\Desktop\1.3.10\src\Orchard\ContentManagement\Drivers\ContentFieldDriver.cs:line 23
   at Orchard.ContentManagement.Drivers.ContentFieldDriver`1.<>c__DisplayClass2a.<Process>b__28(<>f__AnonymousType4`2 pf) in c:\Users\sebros\Desktop\1.3.10\src\Orchard\ContentManagement\Drivers\ContentFieldDriver.cs:line 56
   at System.Linq.Enumerable.WhereSelectEnumerableIterator`2.MoveNext()
   at System.Linq.Buffer`1..ctor(IEnumerable`1 source)
   at System.Linq.Enumerable.ToArray[TSource](IEnumerable`1 source)
   at Orchard.ContentManagement.Drivers.ContentFieldDriver`1.Process(ContentItem item, Func`3 effort) in c:\Users\sebros\Desktop\1.3.10\src\Orchard\ContentManagement\Drivers\ContentFieldDriver.cs:line 57
   at Orchard.ContentManagement.Drivers.ContentFieldDriver`1.Orchard.ContentManagement.Drivers.IContentFieldDriver.BuildEditorShape(BuildEditorContext context) in c:\Users\sebros\Desktop\1.3.10\src\Orchard\ContentManagement\Drivers\ContentFieldDriver.cs:line 23
   at Orchard.ContentManagement.Drivers.Coordinators.ContentFieldDriverCoordinator.<>c__DisplayClassc.<BuildEditor>b__b(IContentFieldDriver driver) in c:\Users\sebros\Desktop\1.3.10\src\Orchard\ContentManagement\Drivers\Coordinators\ContentFieldDriverCoordinator.cs:line 56
   at Orchard.InvokeExtensions.Invoke[TEvents](IEnumerable`1 events, Action`1 dispatch, ILogger logger) in c:\Users\sebros\Desktop\1.3.10\src\Orchard\InvokeExtensions.cs:line 19
2012-01-31 18:02:05,313 [33] Orchard.ContentManagement.Drivers.Coordinators.ContentFieldDriverCoordinator - InvalidOperationException thrown from IContentFieldDriver by FormGenerator.Drivers.ValueGenericFieldDriver
System.InvalidOperationException: Sequence contains no matching element
   at System.Linq.Enumerable.Single[TSource](IEnumerable`1 source, Func`2 predicate)
   at FormGenerator.Services.Implementation.DisplayService.Display(Class dClass, Object shapeHelper, String propertyName)
   at System.Dynamic.UpdateDelegates.UpdateAndExecute4[T0,T1,T2,T3,TRet](CallSite site, T0 arg0, T1 arg1, T2 arg2, T3 arg3)
   at FormGenerator.Drivers.ValueGenericFieldDriver.Editor(ContentPart part, ValueGenericField field, Object shapeHelper)
   at System.Dynamic.UpdateDelegates.UpdateAndExecute4[T0,T1,T2,T3,TRet](CallSite site, T0 arg0, T1 arg1, T2 arg2, T3 arg3)
   at Orchard.ContentManagement.Drivers.ContentFieldDriver`1.<>c__DisplayClassd.<Orchard.ContentManagement.Drivers.IContentFieldDriver.BuildEditorShape>b__c(ContentPart part, TField field) in c:\Users\sebros\Desktop\1.3.10\src\Orchard\ContentManagement\Drivers\ContentFieldDriver.cs:line 23
   at Orchard.ContentManagement.Drivers.ContentFieldDriver`1.<>c__DisplayClass2a.<Process>b__28(<>f__AnonymousType4`2 pf) in c:\Users\sebros\Desktop\1.3.10\src\Orchard\ContentManagement\Drivers\ContentFieldDriver.cs:line 56
   at System.Linq.Enumerable.WhereSelectEnumerableIterator`2.MoveNext()
   at System.Linq.Buffer`1..ctor(IEnumerable`1 source)
   at System.Linq.Enumerable.ToArray[TSource](IEnumerable`1 source)
   at Orchard.ContentManagement.Drivers.ContentFieldDriver`1.Process(ContentItem item, Func`3 effort) in c:\Users\sebros\Desktop\1.3.10\src\Orchard\ContentManagement\Drivers\ContentFieldDriver.cs:line 57
   at Orchard.ContentManagement.Drivers.ContentFieldDriver`1.Orchard.ContentManagement.Drivers.IContentFieldDriver.BuildEditorShape(BuildEditorContext context) in c:\Users\sebros\Desktop\1.3.10\src\Orchard\ContentManagement\Drivers\ContentFieldDriver.cs:line 23
   at Orchard.ContentManagement.Drivers.Coordinators.ContentFieldDriverCoordinator.<>c__DisplayClassc.<BuildEditor>b__b(IContentFieldDriver driver) in c:\Users\sebros\Desktop\1.3.10\src\Orchard\ContentManagement\Drivers\Coordinators\ContentFieldDriverCoordinator.cs:line 56
   at Orchard.InvokeExtensions.Invoke[TEvents](IEnumerable`1 events, Action`1 dispatch, ILogger logger) in c:\Users\sebros\Desktop\1.3.10\src\Orchard\InvokeExtensions.cs:line 19
2012-01-31 18:02:56,079 [33] Orchard.ContentManagement.Drivers.Coordinators.ContentFieldDriverCoordinator - InvalidOperationException thrown from IContentFieldDriver by FormGenerator.Drivers.ValueGenericFieldDriver
System.InvalidOperationException: Sequence contains no matching element
   at System.Linq.Enumerable.Single[TSource](IEnumerable`1 source, Func`2 predicate)
   at FormGenerator.Services.Implementation.DisplayService.Display(Class dClass, Object shapeHelper, String propertyName)
   at FormGenerator.Drivers.ValueGenericFieldDriver.Editor(ContentPart part, ValueGenericField field, Object shapeHelper)
   at System.Dynamic.UpdateDelegates.UpdateAndExecute4[T0,T1,T2,T3,TRet](CallSite site, T0 arg0, T1 arg1, T2 arg2, T3 arg3)
   at FormGenerator.Drivers.ValueGenericFieldDriver.Editor(ContentPart part, ValueGenericField field, IUpdateModel updater, Object shapeHelper)
   at System.Dynamic.UpdateDelegates.UpdateAndExecute5[T0,T1,T2,T3,T4,TRet](CallSite site, T0 arg0, T1 arg1, T2 arg2, T3 arg3, T4 arg4)
   at Orchard.ContentManagement.Drivers.ContentFieldDriver`1.<>c__DisplayClass13.<Orchard.ContentManagement.Drivers.IContentFieldDriver.UpdateEditorShape>b__12(ContentPart part, TField field) in c:\Users\sebros\Desktop\1.3.10\src\Orchard\ContentManagement\Drivers\ContentFieldDriver.cs:line 27
   at Orchard.ContentManagement.Drivers.ContentFieldDriver`1.<>c__DisplayClass2a.<Process>b__28(<>f__AnonymousType4`2 pf) in c:\Users\sebros\Desktop\1.3.10\src\Orchard\ContentManagement\Drivers\ContentFieldDriver.cs:line 56
   at System.Linq.Enumerable.WhereSelectEnumerableIterator`2.MoveNext()
   at System.Linq.Buffer`1..ctor(IEnumerable`1 source)
   at System.Linq.Enumerable.ToArray[TSource](IEnumerable`1 source)
   at Orchard.ContentManagement.Drivers.ContentFieldDriver`1.Process(ContentItem item, Func`3 effort) in c:\Users\sebros\Desktop\1.3.10\src\Orchard\ContentManagement\Drivers\ContentFieldDriver.cs:line 57
   at Orchard.ContentManagement.Drivers.ContentFieldDriver`1.Orchard.ContentManagement.Drivers.IContentFieldDriver.UpdateEditorShape(UpdateEditorContext context) in c:\Users\sebros\Desktop\1.3.10\src\Orchard\ContentManagement\Drivers\ContentFieldDriver.cs:line 27
   at Orchard.ContentManagement.Drivers.Coordinators.ContentFieldDriverCoordinator.<>c__DisplayClassf.<UpdateEditor>b__e(IContentFieldDriver driver) in c:\Users\sebros\Desktop\1.3.10\src\Orchard\ContentManagement\Drivers\Coordinators\ContentFieldDriverCoordinator.cs:line 64
   at Orchard.InvokeExtensions.Invoke[TEvents](IEnumerable`1 events, Action`1 dispatch, ILogger logger) in c:\Users\sebros\Desktop\1.3.10\src\Orchard\InvokeExtensions.cs:line 19
2012-01-31 18:02:56,342 [27] Orchard.ContentManagement.Drivers.Coordinators.ContentFieldDriverCoordinator - InvalidOperationException thrown from IContentFieldDriver by FormGenerator.Drivers.ValueGenericFieldDriver
System.InvalidOperationException: Sequence contains no matching element
   at System.Linq.Enumerable.Single[TSource](IEnumerable`1 source, Func`2 predicate)
   at FormGenerator.Services.Implementation.DisplayService.Display(Class dClass, Object shapeHelper, String propertyName)
   at System.Dynamic.UpdateDelegates.UpdateAndExecute4[T0,T1,T2,T3,TRet](CallSite site, T0 arg0, T1 arg1, T2 arg2, T3 arg3)
   at CallSite.Target(Closure , CallSite , IDisplayService , Class , Object , String )
   at FormGenerator.Drivers.ValueGenericFieldDriver.Editor(ContentPart part, ValueGenericField field, Object shapeHelper)
   at Orchard.ContentManagement.Drivers.ContentFieldDriver`1.<>c__DisplayClassd.<Orchard.ContentManagement.Drivers.IContentFieldDriver.BuildEditorShape>b__c(ContentPart part, TField field) in c:\Users\sebros\Desktop\1.3.10\src\Orchard\ContentManagement\Drivers\ContentFieldDriver.cs:line 23
   at Orchard.ContentManagement.Drivers.ContentFieldDriver`1.<>c__DisplayClass2a.<Process>b__28(<>f__AnonymousType4`2 pf) in c:\Users\sebros\Desktop\1.3.10\src\Orchard\ContentManagement\Drivers\ContentFieldDriver.cs:line 56
   at System.Linq.Enumerable.WhereSelectEnumerableIterator`2.MoveNext()
   at System.Linq.Buffer`1..ctor(IEnumerable`1 source)
   at System.Linq.Enumerable.ToArray[TSource](IEnumerable`1 source)
   at Orchard.ContentManagement.Drivers.ContentFieldDriver`1.Process(ContentItem item, Func`3 effort) in c:\Users\sebros\Desktop\1.3.10\src\Orchard\ContentManagement\Drivers\ContentFieldDriver.cs:line 57
   at Orchard.ContentManagement.Drivers.ContentFieldDriver`1.Orchard.ContentManagement.Drivers.IContentFieldDriver.BuildEditorShape(BuildEditorContext context) in c:\Users\sebros\Desktop\1.3.10\src\Orchard\ContentManagement\Drivers\ContentFieldDriver.cs:line 23
   at Orchard.ContentManagement.Drivers.Coordinators.ContentFieldDriverCoordinator.<>c__DisplayClassc.<BuildEditor>b__b(IContentFieldDriver driver) in c:\Users\sebros\Desktop\1.3.10\src\Orchard\ContentManagement\Drivers\Coordinators\ContentFieldDriverCoordinator.cs:line 56
   at Orchard.InvokeExtensions.Invoke[TEvents](IEnumerable`1 events, Action`1 dispatch, ILogger logger) in c:\Users\sebros\Desktop\1.3.10\src\Orchard\InvokeExtensions.cs:line 19
2012-01-31 18:03:00,643 [14] Orchard.ContentManagement.Drivers.Coordinators.ContentFieldDriverCoordinator - InvalidOperationException thrown from IContentFieldDriver by FormGenerator.Drivers.ValueGenericFieldDriver
System.InvalidOperationException: Sequence contains no matching element
   at System.Linq.Enumerable.Single[TSource](IEnumerable`1 source, Func`2 predicate)
   at FormGenerator.Services.Implementation.DisplayService.Display(Class dClass, Object shapeHelper, String propertyName)
   at System.Dynamic.UpdateDelegates.UpdateAndExecute4[T0,T1,T2,T3,TRet](CallSite site, T0 arg0, T1 arg1, T2 arg2, T3 arg3)
   at FormGenerator.Drivers.ValueGenericFieldDriver.Display(ContentPart part, ValueGenericField field, String displayType, Object shapeHelper)
   at System.Dynamic.UpdateDelegates.UpdateAndExecute5[T0,T1,T2,T3,T4,TRet](CallSite site, T0 arg0, T1 arg1, T2 arg2, T3 arg3, T4 arg4)
   at Orchard.ContentManagement.Drivers.ContentFieldDriver`1.<>c__DisplayClass7.<Orchard.ContentManagement.Drivers.IContentFieldDriver.BuildDisplayShape>b__6(ContentPart part, TField field) in c:\Users\sebros\Desktop\1.3.10\src\Orchard\ContentManagement\Drivers\ContentFieldDriver.cs:line 19
   at Orchard.ContentManagement.Drivers.ContentFieldDriver`1.<>c__DisplayClass2a.<Process>b__28(<>f__AnonymousType4`2 pf) in c:\Users\sebros\Desktop\1.3.10\src\Orchard\ContentManagement\Drivers\ContentFieldDriver.cs:line 56
   at System.Linq.Enumerable.WhereSelectEnumerableIterator`2.MoveNext()
   at System.Linq.Buffer`1..ctor(IEnumerable`1 source)
   at System.Linq.Enumerable.ToArray[TSource](IEnumerable`1 source)
   at Orchard.ContentManagement.Drivers.ContentFieldDriver`1.Process(ContentItem item, Func`3 effort) in c:\Users\sebros\Desktop\1.3.10\src\Orchard\ContentManagement\Drivers\ContentFieldDriver.cs:line 57
   at Orchard.ContentManagement.Drivers.ContentFieldDriver`1.Orchard.ContentManagement.Drivers.IContentFieldDriver.BuildDisplayShape(BuildDisplayContext context) in c:\Users\sebros\Desktop\1.3.10\src\Orchard\ContentManagement\Drivers\ContentFieldDriver.cs:line 19
   at Orchard.ContentManagement.Drivers.Coordinators.ContentFieldDriverCoordinator.<>c__DisplayClass9.<BuildDisplay>b__8(IContentFieldDriver driver) in c:\Users\sebros\Desktop\1.3.10\src\Orchard\ContentManagement\Drivers\Coordinators\ContentFieldDriverCoordinator.cs:line 48
   at Orchard.InvokeExtensions.Invoke[TEvents](IEnumerable`1 events, Action`1 dispatch, ILogger logger) in c:\Users\sebros\Desktop\1.3.10\src\Orchard\InvokeExtensions.cs:line 19
2012-01-31 18:03:00,712 [14] Orchard.ContentManagement.Drivers.Coordinators.ContentFieldDriverCoordinator - NullReferenceException thrown from IContentFieldDriver by FormGenerator.Drivers.ValueGenericFieldDriver
System.NullReferenceException: Object reference not set to an instance of an object.
   at FormGenerator.Services.Implementation.DisplayService.<>c__DisplayClass2.<Display>b__1(Type ct)
   at System.Collections.Generic.List`1.ForEach(Action`1 action)
   at FormGenerator.Services.Implementation.DisplayService.Display(Class dClass, Object shapeHelper, String propertyName)
   at FormGenerator.Drivers.ValueGenericFieldDriver.Display(ContentPart part, ValueGenericField field, String displayType, Object shapeHelper)
   at Orchard.ContentManagement.Drivers.ContentFieldDriver`1.<>c__DisplayClass7.<Orchard.ContentManagement.Drivers.IContentFieldDriver.BuildDisplayShape>b__6(ContentPart part, TField field) in c:\Users\sebros\Desktop\1.3.10\src\Orchard\ContentManagement\Drivers\ContentFieldDriver.cs:line 19
   at Orchard.ContentManagement.Drivers.ContentFieldDriver`1.<>c__DisplayClass2a.<Process>b__28(<>f__AnonymousType4`2 pf) in c:\Users\sebros\Desktop\1.3.10\src\Orchard\ContentManagement\Drivers\ContentFieldDriver.cs:line 56
   at System.Linq.Enumerable.WhereSelectEnumerableIterator`2.MoveNext()
   at System.Linq.Buffer`1..ctor(IEnumerable`1 source)
   at System.Linq.Enumerable.ToArray[TSource](IEnumerable`1 source)
   at Orchard.ContentManagement.Drivers.ContentFieldDriver`1.Process(ContentItem item, Func`3 effort) in c:\Users\sebros\Desktop\1.3.10\src\Orchard\ContentManagement\Drivers\ContentFieldDriver.cs:line 57
   at Orchard.ContentManagement.Drivers.ContentFieldDriver`1.Orchard.ContentManagement.Drivers.IContentFieldDriver.BuildDisplayShape(BuildDisplayContext context) in c:\Users\sebros\Desktop\1.3.10\src\Orchard\ContentManagement\Drivers\ContentFieldDriver.cs:line 19
   at Orchard.ContentManagement.Drivers.Coordinators.ContentFieldDriverCoordinator.<>c__DisplayClass9.<BuildDisplay>b__8(IContentFieldDriver driver) in c:\Users\sebros\Desktop\1.3.10\src\Orchard\ContentManagement\Drivers\Coordinators\ContentFieldDriverCoordinator.cs:line 48
   at Orchard.InvokeExtensions.Invoke[TEvents](IEnumerable`1 events, Action`1 dispatch, ILogger logger) in c:\Users\sebros\Desktop\1.3.10\src\Orchard\InvokeExtensions.cs:line 19
2012-01-31 18:19:49,530 [15] Orchard.ContentManagement.Drivers.Coordinators.ContentFieldDriverCoordinator - NullReferenceException thrown from IContentFieldDriver by FormGenerator.Drivers.ValueGenericFieldDriver
System.NullReferenceException: Object reference not set to an instance of an object.
   at FormGenerator.Services.Implementation.DisplayService.<>c__DisplayClass2.<Display>b__1(Type ct)
   at System.Collections.Generic.List`1.ForEach(Action`1 action)
   at FormGenerator.Services.Implementation.DisplayService.Display(Class dClass, Object shapeHelper, String propertyName)
   at System.Dynamic.UpdateDelegates.UpdateAndExecute4[T0,T1,T2,T3,TRet](CallSite site, T0 arg0, T1 arg1, T2 arg2, T3 arg3)
   at FormGenerator.Drivers.ValueGenericFieldDriver.Display(ContentPart part, ValueGenericField field, String displayType, Object shapeHelper)
   at System.Dynamic.UpdateDelegates.UpdateAndExecute5[T0,T1,T2,T3,T4,TRet](CallSite site, T0 arg0, T1 arg1, T2 arg2, T3 arg3, T4 arg4)
   at Orchard.ContentManagement.Drivers.ContentFieldDriver`1.<>c__DisplayClass7.<Orchard.ContentManagement.Drivers.IContentFieldDriver.BuildDisplayShape>b__6(ContentPart part, TField field) in c:\Users\sebros\Desktop\1.3.10\src\Orchard\ContentManagement\Drivers\ContentFieldDriver.cs:line 19
   at Orchard.ContentManagement.Drivers.ContentFieldDriver`1.<>c__DisplayClass2a.<Process>b__28(<>f__AnonymousType4`2 pf) in c:\Users\sebros\Desktop\1.3.10\src\Orchard\ContentManagement\Drivers\ContentFieldDriver.cs:line 56
   at System.Linq.Enumerable.WhereSelectEnumerableIterator`2.MoveNext()
   at System.Linq.Buffer`1..ctor(IEnumerable`1 source)
   at System.Linq.Enumerable.ToArray[TSource](IEnumerable`1 source)
   at Orchard.ContentManagement.Drivers.ContentFieldDriver`1.Process(ContentItem item, Func`3 effort) in c:\Users\sebros\Desktop\1.3.10\src\Orchard\ContentManagement\Drivers\ContentFieldDriver.cs:line 57
   at Orchard.ContentManagement.Drivers.ContentFieldDriver`1.Orchard.ContentManagement.Drivers.IContentFieldDriver.BuildDisplayShape(BuildDisplayContext context) in c:\Users\sebros\Desktop\1.3.10\src\Orchard\ContentManagement\Drivers\ContentFieldDriver.cs:line 19
   at Orchard.ContentManagement.Drivers.Coordinators.ContentFieldDriverCoordinator.<>c__DisplayClass9.<BuildDisplay>b__8(IContentFieldDriver driver) in c:\Users\sebros\Desktop\1.3.10\src\Orchard\ContentManagement\Drivers\Coordinators\ContentFieldDriverCoordinator.cs:line 48
   at Orchard.InvokeExtensions.Invoke[TEvents](IEnumerable`1 events, Action`1 dispatch, ILogger logger) in c:\Users\sebros\Desktop\1.3.10\src\Orchard\InvokeExtensions.cs:line 19
2012-01-31 18:19:54,336 [20] Orchard.ContentManagement.Drivers.Coordinators.ContentFieldDriverCoordinator - NullReferenceException thrown from IContentFieldDriver by FormGenerator.Drivers.ValueGenericFieldDriver
System.NullReferenceException: Object reference not set to an instance of an object.
   at FormGenerator.Services.Implementation.DisplayService.<>c__DisplayClass2.<Display>b__1(Type ct)
   at System.Collections.Generic.List`1.ForEach(Action`1 action)
   at FormGenerator.Services.Implementation.DisplayService.Display(Class dClass, Object shapeHelper, String propertyName)
   at System.Dynamic.UpdateDelegates.UpdateAndExecute4[T0,T1,T2,T3,TRet](CallSite site, T0 arg0, T1 arg1, T2 arg2, T3 arg3)
   at FormGenerator.Drivers.ValueGenericFieldDriver.Editor(ContentPart part, ValueGenericField field, Object shapeHelper)
   at System.Dynamic.UpdateDelegates.UpdateAndExecute4[T0,T1,T2,T3,TRet](CallSite site, T0 arg0, T1 arg1, T2 arg2, T3 arg3)
   at Orchard.ContentManagement.Drivers.ContentFieldDriver`1.<>c__DisplayClassd.<Orchard.ContentManagement.Drivers.IContentFieldDriver.BuildEditorShape>b__c(ContentPart part, TField field) in c:\Users\sebros\Desktop\1.3.10\src\Orchard\ContentManagement\Drivers\ContentFieldDriver.cs:line 23
   at Orchard.ContentManagement.Drivers.ContentFieldDriver`1.<>c__DisplayClass2a.<Process>b__28(<>f__AnonymousType4`2 pf) in c:\Users\sebros\Desktop\1.3.10\src\Orchard\ContentManagement\Drivers\ContentFieldDriver.cs:line 56
   at System.Linq.Enumerable.WhereSelectEnumerableIterator`2.MoveNext()
   at System.Linq.Buffer`1..ctor(IEnumerable`1 source)
   at System.Linq.Enumerable.ToArray[TSource](IEnumerable`1 source)
   at Orchard.ContentManagement.Drivers.ContentFieldDriver`1.Process(ContentItem item, Func`3 effort) in c:\Users\sebros\Desktop\1.3.10\src\Orchard\ContentManagement\Drivers\ContentFieldDriver.cs:line 57
   at Orchard.ContentManagement.Drivers.ContentFieldDriver`1.Orchard.ContentManagement.Drivers.IContentFieldDriver.BuildEditorShape(BuildEditorContext context) in c:\Users\sebros\Desktop\1.3.10\src\Orchard\ContentManagement\Drivers\ContentFieldDriver.cs:line 23
   at Orchard.ContentManagement.Drivers.Coordinators.ContentFieldDriverCoordinator.<>c__DisplayClassc.<BuildEditor>b__b(IContentFieldDriver driver) in c:\Users\sebros\Desktop\1.3.10\src\Orchard\ContentManagement\Drivers\Coordinators\ContentFieldDriverCoordinator.cs:line 56
   at Orchard.InvokeExtensions.Invoke[TEvents](IEnumerable`1 events, Action`1 dispatch, ILogger logger) in c:\Users\sebros\Desktop\1.3.10\src\Orchard\InvokeExtensions.cs:line 19
2012-01-31 18:20:01,432 [18] Orchard.ContentManagement.Drivers.Coordinators.ContentFieldDriverCoordinator - NullReferenceException thrown from IContentFieldDriver by FormGenerator.Drivers.ValueGenericFieldDriver
System.NullReferenceException: Object reference not set to an instance of an object.
   at FormGenerator.Services.Implementation.DisplayService.<>c__DisplayClass2.<Display>b__1(Type ct)
   at System.Collections.Generic.List`1.ForEach(Action`1 action)
   at FormGenerator.Services.Implementation.DisplayService.Display(Class dClass, Object shapeHelper, String propertyName)
   at FormGenerator.Drivers.ValueGenericFieldDriver.Display(ContentPart part, ValueGenericField field, String displayType, Object shapeHelper)
   at Orchard.ContentManagement.Drivers.ContentFieldDriver`1.<>c__DisplayClass7.<Orchard.ContentManagement.Drivers.IContentFieldDriver.BuildDisplayShape>b__6(ContentPart part, TField field) in c:\Users\sebros\Desktop\1.3.10\src\Orchard\ContentManagement\Drivers\ContentFieldDriver.cs:line 19
   at Orchard.ContentManagement.Drivers.ContentFieldDriver`1.<>c__DisplayClass2a.<Process>b__28(<>f__AnonymousType4`2 pf) in c:\Users\sebros\Desktop\1.3.10\src\Orchard\ContentManagement\Drivers\ContentFieldDriver.cs:line 56
   at System.Linq.Enumerable.WhereSelectEnumerableIterator`2.MoveNext()
   at System.Linq.Buffer`1..ctor(IEnumerable`1 source)
   at System.Linq.Enumerable.ToArray[TSource](IEnumerable`1 source)
   at Orchard.ContentManagement.Drivers.ContentFieldDriver`1.Process(ContentItem item, Func`3 effort) in c:\Users\sebros\Desktop\1.3.10\src\Orchard\ContentManagement\Drivers\ContentFieldDriver.cs:line 57
   at Orchard.ContentManagement.Drivers.ContentFieldDriver`1.Orchard.ContentManagement.Drivers.IContentFieldDriver.BuildDisplayShape(BuildDisplayContext context) in c:\Users\sebros\Desktop\1.3.10\src\Orchard\ContentManagement\Drivers\ContentFieldDriver.cs:line 19
   at Orchard.ContentManagement.Drivers.Coordinators.ContentFieldDriverCoordinator.<>c__DisplayClass9.<BuildDisplay>b__8(IContentFieldDriver driver) in c:\Users\sebros\Desktop\1.3.10\src\Orchard\ContentManagement\Drivers\Coordinators\ContentFieldDriverCoordinator.cs:line 48
   at Orchard.InvokeExtensions.Invoke[TEvents](IEnumerable`1 events, Action`1 dispatch, ILogger logger) in c:\Users\sebros\Desktop\1.3.10\src\Orchard\InvokeExtensions.cs:line 19
2012-01-31 18:21:48,015 [25] Orchard.ContentManagement.Drivers.Coordinators.ContentFieldDriverCoordinator - InvalidOperationException thrown from IContentFieldDriver by FormGenerator.Drivers.ValueGenericFieldDriver
System.InvalidOperationException: Sequence contains no matching element
   at System.Linq.Enumerable.Single[TSource](IEnumerable`1 source, Func`2 predicate)
   at FormGenerator.Services.Implementation.DisplayService.Display(Class dClass, Object shapeHelper, String propertyName)
   at System.Dynamic.UpdateDelegates.UpdateAndExecute4[T0,T1,T2,T3,TRet](CallSite 